-- The C compiler identification is GNU 13.3.0
-- The CXX compiler identification is GNU 13.3.0
-- Detecting C compiler ABI info
-- Detecting C compiler ABI info - done
-- Check for working C compiler: /usr/bin/cc - skipped
-- Detecting C compile features
-- Detecting C compile features - done
-- Detecting CXX compiler ABI info
-- Detecting CXX compiler ABI info - done
-- Check for working CXX compiler: /usr/bin/c++ - skipped
-- Detecting CXX compile features
-- Detecting CXX compile features - done
-- Found ament_cmake: 2.8.4 (/opt/ros/rolling/share/ament_cmake/cmake)
-- Found Python3: /usr/bin/python3 (found version "3.12.3") found components: Interpreter 
-- Found ament_cmake_ros: 0.15.2 (/opt/ros/rolling/share/ament_cmake_ros/cmake)
-- Found ethercat_interface: 1.2.0 (/home/zewy/ros2_ws/install/ethercat_interface/share/ethercat_interface/cmake)
-- Found rosidl_generator_c: 5.1.0 (/opt/ros/rolling/share/rosidl_generator_c/cmake)
-- Found rosidl_generator_cpp: 5.1.0 (/opt/ros/rolling/share/rosidl_generator_cpp/cmake)
-- Using all available rosidl_typesupport_c: rosidl_typesupport_fastrtps_c;rosidl_typesupport_introspection_c
-- Using all available rosidl_typesupport_cpp: rosidl_typesupport_fastrtps_cpp;rosidl_typesupport_introspection_cpp
-- Found rmw_implementation_cmake: 7.9.0 (/opt/ros/rolling/share/rmw_implementation_cmake/cmake)
-- Found rmw_fastrtps_cpp: 9.4.3 (/opt/ros/rolling/share/rmw_fastrtps_cpp/cmake)
-- Found OpenSSL: /usr/lib/x86_64-linux-gnu/libcrypto.so (found version "3.0.13")  
-- Using RMW implementation 'rmw_fastrtps_cpp' as default
-- Found ethercat_generic_slave: 1.2.0 (/home/zewy/ros2_ws/install/ethercat_generic_slave/share/ethercat_generic_slave/cmake)
-- Found pluginlib: 5.8.0 (/opt/ros/rolling/share/pluginlib/cmake)
-- Found yaml_cpp_vendor: 9.2.0 (/opt/ros/rolling/share/yaml_cpp_vendor/cmake)
-- Setting yaml-cpp_DIR to: '/opt/ros/rolling/share/yaml_cpp_vendor/cmake/../../../opt/yaml_cpp_vendor/share/cmake/yaml-cpp'
[0mCMake Deprecation Warning at /opt/ros/rolling/share/ament_cmake_target_dependencies/cmake/ament_target_dependencies.cmake:87 (message):
  ament_target_dependencies() is deprecated.  Use target_link_libraries()
  with modern CMake targets instead.  Try replacing this call with:

    target_link_libraries(ethercat_generic_cia402_drive PUBLIC
      ethercat_generic_slave::ethercat_generic_slave
      pluginlib::pluginlib
    )

Call Stack (most recent call first):
  CMakeLists.txt:22 (ament_target_dependencies)

[0m
-- Found ament_lint_auto: 0.20.2 (/opt/ros/rolling/share/ament_lint_auto/cmake)
-- Found gmock sources under '/opt/ros/rolling/src/gmock_vendor': C++ tests using 'Google Mock' will be built
-- Found gtest sources under '/opt/ros/rolling/src/gtest_vendor': C++ tests using 'Google Test' will be built
[0mCMake Deprecation Warning at /opt/ros/rolling/share/ament_cmake_target_dependencies/cmake/ament_target_dependencies.cmake:87 (message):
  ament_target_dependencies() is deprecated.  Use target_link_libraries()
  with modern CMake targets instead.  Try replacing this call with:

    target_link_libraries(test_load_generic_plugins PUBLIC
      pluginlib::pluginlib
    )

Call Stack (most recent call first):
  CMakeLists.txt:58 (ament_target_dependencies)

[0m
[0mCMake Deprecation Warning at /opt/ros/rolling/share/ament_cmake_target_dependencies/cmake/ament_target_dependencies.cmake:87 (message):
  ament_target_dependencies() is deprecated.  Use target_link_libraries()
  with modern CMake targets instead.  Try replacing this call with:

    target_link_libraries(test_generic_ec_cia402_drive PUBLIC
      ethercat_generic_slave::ethercat_generic_slave
      pluginlib::pluginlib
    )

Call Stack (most recent call first):
  CMakeLists.txt:72 (ament_target_dependencies)

[0m
-- Added test 'copyright' to check source files copyright and LICENSE
-- Added test 'cppcheck' to perform static code analysis on C / C++ code
-- Configured cppcheck include dirs: $<BUILD_INTERFACE:/home/zewy/ros2_ws/src/ethercat_driver_ros2/ethercat_driver_ros2/ethercat_generic_plugins/ethercat_generic_cia402_drive/include>;/home/zewy/ros2_ws/src/ethercat_driver_ros2/ethercat_driver_ros2/ethercat_generic_plugins/ethercat_generic_cia402_drive/include
-- Configured cppcheck exclude dirs and/or files: 
-- Added test 'cpplint' to check C / C++ code against the Google style
-- Configured cpplint exclude dirs and/or files: 
-- Added test 'lint_cmake' to check CMake code style
-- Added test 'uncrustify' to check C / C++ code style
-- Configured uncrustify additional arguments: 
-- Added test 'xmllint' to check XML markup files
-- Configuring done (2.7s)
-- Generating done (0.0s)
-- Build files have been written to: /home/zewy/ros2_ws/build/ethercat_generic_cia402_drive
[ 36%] [32mBuilding CXX object CMakeFiles/ethercat_generic_cia402_drive.dir/src/generic_ec_cia402_drive.cpp.o[0m
[ 36%] [32mBuilding CXX object gmock/CMakeFiles/gmock_main.dir/src/gmock_main.cc.o[0m
[ 36%] [32mBuilding CXX object gmock/CMakeFiles/gmock.dir/src/gmock-all.cc.o[0m
[ 36%] [32mBuilding CXX object gmock/CMakeFiles/gmock.dir/opt/ros/rolling/src/gtest_vendor/src/gtest-all.cc.o[0m
[ 45%] [32m[1mLinking CXX static library libgmock_main.a[0m
[ 45%] Built target gmock_main
[ 54%] [32m[1mLinking CXX shared library libethercat_generic_cia402_drive.so[0m
[ 54%] Built target ethercat_generic_cia402_drive
[ 63%] [32m[1mLinking CXX static library libgmock.a[0m
[ 63%] Built target gmock
[ 72%] [32mBuilding CXX object CMakeFiles/test_load_generic_plugins.dir/test/test_load_ec_modules.cpp.o[0m
[ 81%] [32mBuilding CXX object CMakeFiles/test_generic_ec_cia402_drive.dir/test/test_generic_ec_cia402_drive.cpp.o[0m
[ 90%] [32m[1mLinking CXX executable test_load_generic_plugins[0m
[100%] [32m[1mLinking CXX executable test_generic_ec_cia402_drive[0m
[100%] Built target test_load_generic_plugins
[100%] Built target test_generic_ec_cia402_drive
-- Install configuration: ""
-- Installing: /home/zewy/ros2_ws/install/ethercat_generic_cia402_drive/share/ethercat_generic_cia402_drive/ethercat_plugins.xml
-- Installing: /home/zewy/ros2_ws/install/ethercat_generic_cia402_drive/include
-- Installing: /home/zewy/ros2_ws/install/ethercat_generic_cia402_drive/include/ethercat_generic_plugins
-- Installing: /home/zewy/ros2_ws/install/ethercat_generic_cia402_drive/include/ethercat_generic_plugins/cia402_common_defs.hpp
-- Installing: /home/zewy/ros2_ws/install/ethercat_generic_cia402_drive/include/ethercat_generic_plugins/generic_ec_cia402_drive.hpp
-- Installing: /home/zewy/ros2_ws/install/ethercat_generic_cia402_drive/lib/libethercat_generic_cia402_drive.so
-- Set non-toolchain portion of runtime path of "/home/zewy/ros2_ws/install/ethercat_generic_cia402_drive/lib/libethercat_generic_cia402_drive.so" to ""
-- Installing: /home/zewy/ros2_ws/install/ethercat_generic_cia402_drive/share/ethercat_generic_cia402_drive/environment/library_path.sh
-- Installing: /home/zewy/ros2_ws/install/ethercat_generic_cia402_drive/share/ethercat_generic_cia402_drive/environment/library_path.dsv
-- Installing: /home/zewy/ros2_ws/install/ethercat_generic_cia402_drive/share/ament_index/resource_index/package_run_dependencies/ethercat_generic_cia402_drive
-- Installing: /home/zewy/ros2_ws/install/ethercat_generic_cia402_drive/share/ament_index/resource_index/parent_prefix_path/ethercat_generic_cia402_drive
-- Installing: /home/zewy/ros2_ws/install/ethercat_generic_cia402_drive/share/ethercat_generic_cia402_drive/environment/ament_prefix_path.sh
-- Installing: /home/zewy/ros2_ws/install/ethercat_generic_cia402_drive/share/ethercat_generic_cia402_drive/environment/ament_prefix_path.dsv
-- Installing: /home/zewy/ros2_ws/install/ethercat_generic_cia402_drive/share/ethercat_generic_cia402_drive/environment/path.sh
-- Installing: /home/zewy/ros2_ws/install/ethercat_generic_cia402_drive/share/ethercat_generic_cia402_drive/environment/path.dsv
-- Installing: /home/zewy/ros2_ws/install/ethercat_generic_cia402_drive/share/ethercat_generic_cia402_drive/local_setup.bash
-- Installing: /home/zewy/ros2_ws/install/ethercat_generic_cia402_drive/share/ethercat_generic_cia402_drive/local_setup.sh
-- Installing: /home/zewy/ros2_ws/install/ethercat_generic_cia402_drive/share/ethercat_generic_cia402_drive/local_setup.zsh
-- Installing: /home/zewy/ros2_ws/install/ethercat_generic_cia402_drive/share/ethercat_generic_cia402_drive/local_setup.dsv
-- Installing: /home/zewy/ros2_ws/install/ethercat_generic_cia402_drive/share/ethercat_generic_cia402_drive/package.dsv
-- Installing: /home/zewy/ros2_ws/install/ethercat_generic_cia402_drive/share/ament_index/resource_index/packages/ethercat_generic_cia402_drive
-- Installing: /home/zewy/ros2_ws/install/ethercat_generic_cia402_drive/share/ament_index/resource_index/ethercat_interface__pluginlib__plugin/ethercat_generic_cia402_drive
-- Installing: /home/zewy/ros2_ws/install/ethercat_generic_cia402_drive/share/ethercat_generic_cia402_drive/cmake/export_ethercat_generic_cia402_driveExport.cmake
-- Installing: /home/zewy/ros2_ws/install/ethercat_generic_cia402_drive/share/ethercat_generic_cia402_drive/cmake/export_ethercat_generic_cia402_driveExport-noconfig.cmake
-- Installing: /home/zewy/ros2_ws/install/ethercat_generic_cia402_drive/share/ethercat_generic_cia402_drive/cmake/ament_cmake_export_include_directories-extras.cmake
-- Installing: /home/zewy/ros2_ws/install/ethercat_generic_cia402_drive/share/ethercat_generic_cia402_drive/cmake/ament_cmake_export_libraries-extras.cmake
-- Installing: /home/zewy/ros2_ws/install/ethercat_generic_cia402_drive/share/ethercat_generic_cia402_drive/cmake/ament_cmake_export_targets-extras.cmake
-- Installing: /home/zewy/ros2_ws/install/ethercat_generic_cia402_drive/share/ethercat_generic_cia402_drive/cmake/ethercat_generic_cia402_driveConfig.cmake
-- Installing: /home/zewy/ros2_ws/install/ethercat_generic_cia402_drive/share/ethercat_generic_cia402_drive/cmake/ethercat_generic_cia402_driveConfig-version.cmake
-- Installing: /home/zewy/ros2_ws/install/ethercat_generic_cia402_drive/share/ethercat_generic_cia402_drive/package.xml
