[0.026s] Invoking command in '/home/zewy/ros2_ws/build/ethercat_generic_cia402_drive': AMENT_PREFIX_PATH=/home/zewy/ros2_ws/install/ethercat_generic_slave:/home/zewy/ros2_ws/install/ethercat_interface:${AMENT_PREFIX_PATH} CMAKE_PREFIX_PATH=/home/zewy/ros2_ws/install/ethercat_generic_slave:/home/zewy/ros2_ws/install/ethercat_interface:/home/zewy/ws_moveit2/install/robotiq_hardware_tests:/home/zewy/ws_moveit2/install/robotiq_driver:/home/zewy/ws_moveit2/install/serial:/home/zewy/ws_moveit2/install/moveit2_tutorials:/home/zewy/ws_moveit2/install/moveit_visual_tools:/home/zewy/ws_moveit2/install/rviz_visual_tools:/home/zewy/ws_moveit2/install/moveit_task_constructor_demo:/home/zewy/ws_moveit2/install/moveit_task_constructor_visualization:/home/zewy/ws_moveit2/install/moveit_task_constructor_capabilities:/home/zewy/ws_moveit2/install/moveit_task_constructor_core:/home/zewy/ws_moveit2/install/rviz_marker_tools:/home/zewy/ws_moveit2/install/kortex_bringup:/home/zewy/ws_moveit2/install/kinova_gen3_lite_moveit_config:/home/zewy/ws_moveit2/install/kinova_gen3_7dof_robotiq_2f_85_moveit_config:/home/zewy/ws_moveit2/install/kinova_gen3_6dof_robotiq_2f_85_moveit_config:/home/zewy/ws_moveit2/install/kortex_description:/home/zewy/ws_moveit2/install/robotiq_description:/home/zewy/ws_moveit2/install/robotiq_controllers:/home/zewy/ws_moveit2/install/pilz_industrial_motion_planner_testutils:/home/zewy/ws_moveit2/install/moveit_runtime:/home/zewy/ws_moveit2/install/moveit:/home/zewy/ws_moveit2/install/moveit_planners:/home/zewy/ws_moveit2/install/pilz_industrial_motion_planner:/home/zewy/ws_moveit2/install/moveit_task_constructor_msgs:/home/zewy/ws_moveit2/install/moveit_ros_control_interface:/home/zewy/ws_moveit2/install/moveit_plugins:/home/zewy/ws_moveit2/install/moveit_simple_controller_manager:/home/zewy/ws_moveit2/install/moveit_setup_assistant:/home/zewy/ws_moveit2/install/moveit_setup_srdf_plugins:/home/zewy/ws_moveit2/install/moveit_setup_core_plugins:/home/zewy/ws_moveit2/install/moveit_setup_controllers:/home/zewy/ws_moveit2/install/moveit_setup_app_plugins:/home/zewy/ws_moveit2/install/moveit_setup_framework:/home/zewy/ws_moveit2/install/moveit_servo:/home/zewy/ws_moveit2/install/moveit_ros_trajectory_cache:/home/zewy/ws_moveit2/install/moveit_ros:/home/zewy/ws_moveit2/install/moveit_ros_visualization:/home/zewy/ws_moveit2/install/moveit_py:/home/zewy/ws_moveit2/install/moveit_hybrid_planning:/home/zewy/ws_moveit2/install/moveit_ros_planning_interface:/home/zewy/ws_moveit2/install/moveit_ros_benchmarks:/home/zewy/ws_moveit2/install/moveit_ros_warehouse:/home/zewy/ws_moveit2/install/moveit_ros_robot_interaction:/home/zewy/ws_moveit2/install/moveit_ros_perception:/home/zewy/ws_moveit2/install/moveit_resources_prbt_pg70_support:/home/zewy/ws_moveit2/install/moveit_resources_prbt_moveit_config:/home/zewy/ws_moveit2/install/moveit_ros_move_group:/home/zewy/ws_moveit2/install/moveit_planners_ompl:/home/zewy/ws_moveit2/install/moveit_kinematics:/home/zewy/ws_moveit2/install/moveit_ros_planning:/home/zewy/ws_moveit2/install/moveit_ros_occupancy_map_monitor:/home/zewy/ws_moveit2/install/moveit_resources_prbt_support:/home/zewy/ws_moveit2/install/moveit_resources_prbt_ikfast_manipulator_plugin:/home/zewy/ws_moveit2/install/moveit_resources:/home/zewy/ws_moveit2/install/moveit_resources_pr2_description:/home/zewy/ws_moveit2/install/moveit_resources_panda_moveit_config:/home/zewy/ws_moveit2/install/dual_arm_panda_moveit_config:/home/zewy/ws_moveit2/install/moveit_resources_panda_description:/home/zewy/ws_moveit2/install/moveit_resources_fanuc_moveit_config:/home/zewy/ws_moveit2/install/moveit_resources_fanuc_description:/home/zewy/ws_moveit2/install/moveit_planners_stomp:/home/zewy/ws_moveit2/install/moveit_planners_chomp:/home/zewy/ws_moveit2/install/chomp_motion_planner:/home/zewy/ws_moveit2/install/moveit_core:/home/zewy/ws_moveit2/install/moveit_msgs:/home/zewy/ws_moveit2/install/moveit_common:/home/zewy/ws_moveit2/install/kortex_driver:/home/zewy/ws_moveit2/install/kortex_api:/opt/ros/rolling/opt/gz_sim_vendor:/opt/ros/rolling/opt/gz_sensors_vendor:/opt/ros/rolling/opt/gz_gui_vendor:/opt/ros/rolling/opt/gz_transport_vendor:/opt/ros/rolling/opt/gz_physics_vendor:/opt/ros/rolling/opt/sdformat_vendor:/opt/ros/rolling/opt/gz_rendering_vendor:/opt/ros/rolling/opt/gz_plugin_vendor:/opt/ros/rolling/opt/gz_fuel_tools_vendor:/opt/ros/rolling/opt/gz_msgs_vendor:/opt/ros/rolling/opt/gz_common_vendor:/opt/ros/rolling/opt/gz_math_vendor:/opt/ros/rolling/opt/gz_utils_vendor:/opt/ros/rolling/opt/gz_tools_vendor:/opt/ros/rolling/opt/gz_ogre_next_vendor:/opt/ros/rolling/opt/gz_dartsim_vendor:/opt/ros/rolling/opt/gz_cmake_vendor:/home/zewy/ws_moveit2/install/moveit_configs_utils:/opt/ros/rolling DEBUGINFOD_URLS=https://debuginfod.ubuntu.com LD_LIBRARY_PATH=/home/zewy/ros2_ws/install/ethercat_generic_slave/lib:/home/zewy/ros2_ws/install/ethercat_interface/lib:${LD_LIBRARY_PATH} /usr/bin/cmake /home/zewy/ros2_ws/src/ethercat_driver_ros2/ethercat_driver_ros2/ethercat_generic_plugins/ethercat_generic_cia402_drive -DCMAKE_INSTALL_PREFIX=/home/zewy/ros2_ws/install/ethercat_generic_cia402_drive
[0.104s] -- The C compiler identification is GNU 13.3.0
[0.173s] -- The CXX compiler identification is GNU 13.3.0
[0.203s] -- Detecting C compiler ABI info
[0.385s] -- Detecting C compiler ABI info - done
[0.396s] -- Check for working C compiler: /usr/bin/cc - skipped
[0.396s] -- Detecting C compile features
[0.397s] -- Detecting C compile features - done
[0.412s] -- Detecting CXX compiler ABI info
[0.596s] -- Detecting CXX compiler ABI info - done
[0.608s] -- Check for working CXX compiler: /usr/bin/c++ - skipped
[0.608s] -- Detecting CXX compile features
[0.609s] -- Detecting CXX compile features - done
[0.630s] -- Found ament_cmake: 2.8.4 (/opt/ros/rolling/share/ament_cmake/cmake)
[0.964s] -- Found Python3: /usr/bin/python3 (found version "3.12.3") found components: Interpreter 
[1.273s] -- Found ament_cmake_ros: 0.15.2 (/opt/ros/rolling/share/ament_cmake_ros/cmake)
[1.342s] -- Found ethercat_interface: 1.2.0 (/home/zewy/ros2_ws/install/ethercat_interface/share/ethercat_interface/cmake)
[1.533s] -- Found rosidl_generator_c: 5.1.0 (/opt/ros/rolling/share/rosidl_generator_c/cmake)
[1.583s] -- Found rosidl_generator_cpp: 5.1.0 (/opt/ros/rolling/share/rosidl_generator_cpp/cmake)
[1.641s] -- Using all available rosidl_typesupport_c: rosidl_typesupport_fastrtps_c;rosidl_typesupport_introspection_c
[1.703s] -- Using all available rosidl_typesupport_cpp: rosidl_typesupport_fastrtps_cpp;rosidl_typesupport_introspection_cpp
[1.928s] -- Found rmw_implementation_cmake: 7.9.0 (/opt/ros/rolling/share/rmw_implementation_cmake/cmake)
[1.947s] -- Found rmw_fastrtps_cpp: 9.4.3 (/opt/ros/rolling/share/rmw_fastrtps_cpp/cmake)
[2.164s] -- Found OpenSSL: /usr/lib/x86_64-linux-gnu/libcrypto.so (found version "3.0.13")  
[2.181s] -- Using RMW implementation 'rmw_fastrtps_cpp' as default
[2.333s] -- Found ethercat_generic_slave: 1.2.0 (/home/zewy/ros2_ws/install/ethercat_generic_slave/share/ethercat_generic_slave/cmake)
[2.352s] -- Found pluginlib: 5.8.0 (/opt/ros/rolling/share/pluginlib/cmake)
[2.419s] -- Found yaml_cpp_vendor: 9.2.0 (/opt/ros/rolling/share/yaml_cpp_vendor/cmake)
[2.420s] -- Setting yaml-cpp_DIR to: '/opt/ros/rolling/share/yaml_cpp_vendor/cmake/../../../opt/yaml_cpp_vendor/share/cmake/yaml-cpp'
[2.420s] [0mCMake Deprecation Warning at /opt/ros/rolling/share/ament_cmake_target_dependencies/cmake/ament_target_dependencies.cmake:87 (message):
[2.420s]   ament_target_dependencies() is deprecated.  Use target_link_libraries()
[2.421s]   with modern CMake targets instead.  Try replacing this call with:
[2.421s] 
[2.421s]     target_link_libraries(ethercat_generic_cia402_drive PUBLIC
[2.421s]       ethercat_generic_slave::ethercat_generic_slave
[2.421s]       pluginlib::pluginlib
[2.421s]     )
[2.422s] 
[2.422s] Call Stack (most recent call first):
[2.422s]   CMakeLists.txt:22 (ament_target_dependencies)
[2.422s] 
[2.422s] [0m
[2.452s] -- Found ament_lint_auto: 0.20.2 (/opt/ros/rolling/share/ament_lint_auto/cmake)
[2.710s] -- Found gmock sources under '/opt/ros/rolling/src/gmock_vendor': C++ tests using 'Google Mock' will be built
[2.727s] -- Found gtest sources under '/opt/ros/rolling/src/gtest_vendor': C++ tests using 'Google Test' will be built
[2.729s] [0mCMake Deprecation Warning at /opt/ros/rolling/share/ament_cmake_target_dependencies/cmake/ament_target_dependencies.cmake:87 (message):
[2.729s]   ament_target_dependencies() is deprecated.  Use target_link_libraries()
[2.729s]   with modern CMake targets instead.  Try replacing this call with:
[2.730s] 
[2.730s]     target_link_libraries(test_load_generic_plugins PUBLIC
[2.730s]       pluginlib::pluginlib
[2.730s]     )
[2.730s] 
[2.730s] Call Stack (most recent call first):
[2.731s]   CMakeLists.txt:58 (ament_target_dependencies)
[2.731s] 
[2.731s] [0m
[2.738s] [0mCMake Deprecation Warning at /opt/ros/rolling/share/ament_cmake_target_dependencies/cmake/ament_target_dependencies.cmake:87 (message):
[2.738s]   ament_target_dependencies() is deprecated.  Use target_link_libraries()
[2.738s]   with modern CMake targets instead.  Try replacing this call with:
[2.738s] 
[2.738s]     target_link_libraries(test_generic_ec_cia402_drive PUBLIC
[2.738s]       ethercat_generic_slave::ethercat_generic_slave
[2.738s]       pluginlib::pluginlib
[2.738s]     )
[2.738s] 
[2.739s] Call Stack (most recent call first):
[2.739s]   CMakeLists.txt:72 (ament_target_dependencies)
[2.739s] 
[2.739s] [0m
[2.755s] -- Added test 'copyright' to check source files copyright and LICENSE
[2.758s] -- Added test 'cppcheck' to perform static code analysis on C / C++ code
[2.759s] -- Configured cppcheck include dirs: $<BUILD_INTERFACE:/home/zewy/ros2_ws/src/ethercat_driver_ros2/ethercat_driver_ros2/ethercat_generic_plugins/ethercat_generic_cia402_drive/include>;/home/zewy/ros2_ws/src/ethercat_driver_ros2/ethercat_driver_ros2/ethercat_generic_plugins/ethercat_generic_cia402_drive/include
[2.759s] -- Configured cppcheck exclude dirs and/or files: 
[2.762s] -- Added test 'cpplint' to check C / C++ code against the Google style
[2.762s] -- Configured cpplint exclude dirs and/or files: 
[2.764s] -- Added test 'lint_cmake' to check CMake code style
[2.767s] -- Added test 'uncrustify' to check C / C++ code style
[2.767s] -- Configured uncrustify additional arguments: 
[2.770s] -- Added test 'xmllint' to check XML markup files
[2.776s] -- Configuring done (2.7s)
[2.824s] -- Generating done (0.0s)
[2.831s] -- Build files have been written to: /home/zewy/ros2_ws/build/ethercat_generic_cia402_drive
[2.841s] Invoked command in '/home/zewy/ros2_ws/build/ethercat_generic_cia402_drive' returned '0': AMENT_PREFIX_PATH=/home/zewy/ros2_ws/install/ethercat_generic_slave:/home/zewy/ros2_ws/install/ethercat_interface:${AMENT_PREFIX_PATH} CMAKE_PREFIX_PATH=/home/zewy/ros2_ws/install/ethercat_generic_slave:/home/zewy/ros2_ws/install/ethercat_interface:/home/zewy/ws_moveit2/install/robotiq_hardware_tests:/home/zewy/ws_moveit2/install/robotiq_driver:/home/zewy/ws_moveit2/install/serial:/home/zewy/ws_moveit2/install/moveit2_tutorials:/home/zewy/ws_moveit2/install/moveit_visual_tools:/home/zewy/ws_moveit2/install/rviz_visual_tools:/home/zewy/ws_moveit2/install/moveit_task_constructor_demo:/home/zewy/ws_moveit2/install/moveit_task_constructor_visualization:/home/zewy/ws_moveit2/install/moveit_task_constructor_capabilities:/home/zewy/ws_moveit2/install/moveit_task_constructor_core:/home/zewy/ws_moveit2/install/rviz_marker_tools:/home/zewy/ws_moveit2/install/kortex_bringup:/home/zewy/ws_moveit2/install/kinova_gen3_lite_moveit_config:/home/zewy/ws_moveit2/install/kinova_gen3_7dof_robotiq_2f_85_moveit_config:/home/zewy/ws_moveit2/install/kinova_gen3_6dof_robotiq_2f_85_moveit_config:/home/zewy/ws_moveit2/install/kortex_description:/home/zewy/ws_moveit2/install/robotiq_description:/home/zewy/ws_moveit2/install/robotiq_controllers:/home/zewy/ws_moveit2/install/pilz_industrial_motion_planner_testutils:/home/zewy/ws_moveit2/install/moveit_runtime:/home/zewy/ws_moveit2/install/moveit:/home/zewy/ws_moveit2/install/moveit_planners:/home/zewy/ws_moveit2/install/pilz_industrial_motion_planner:/home/zewy/ws_moveit2/install/moveit_task_constructor_msgs:/home/zewy/ws_moveit2/install/moveit_ros_control_interface:/home/zewy/ws_moveit2/install/moveit_plugins:/home/zewy/ws_moveit2/install/moveit_simple_controller_manager:/home/zewy/ws_moveit2/install/moveit_setup_assistant:/home/zewy/ws_moveit2/install/moveit_setup_srdf_plugins:/home/zewy/ws_moveit2/install/moveit_setup_core_plugins:/home/zewy/ws_moveit2/install/moveit_setup_controllers:/home/zewy/ws_moveit2/install/moveit_setup_app_plugins:/home/zewy/ws_moveit2/install/moveit_setup_framework:/home/zewy/ws_moveit2/install/moveit_servo:/home/zewy/ws_moveit2/install/moveit_ros_trajectory_cache:/home/zewy/ws_moveit2/install/moveit_ros:/home/zewy/ws_moveit2/install/moveit_ros_visualization:/home/zewy/ws_moveit2/install/moveit_py:/home/zewy/ws_moveit2/install/moveit_hybrid_planning:/home/zewy/ws_moveit2/install/moveit_ros_planning_interface:/home/zewy/ws_moveit2/install/moveit_ros_benchmarks:/home/zewy/ws_moveit2/install/moveit_ros_warehouse:/home/zewy/ws_moveit2/install/moveit_ros_robot_interaction:/home/zewy/ws_moveit2/install/moveit_ros_perception:/home/zewy/ws_moveit2/install/moveit_resources_prbt_pg70_support:/home/zewy/ws_moveit2/install/moveit_resources_prbt_moveit_config:/home/zewy/ws_moveit2/install/moveit_ros_move_group:/home/zewy/ws_moveit2/install/moveit_planners_ompl:/home/zewy/ws_moveit2/install/moveit_kinematics:/home/zewy/ws_moveit2/install/moveit_ros_planning:/home/zewy/ws_moveit2/install/moveit_ros_occupancy_map_monitor:/home/zewy/ws_moveit2/install/moveit_resources_prbt_support:/home/zewy/ws_moveit2/install/moveit_resources_prbt_ikfast_manipulator_plugin:/home/zewy/ws_moveit2/install/moveit_resources:/home/zewy/ws_moveit2/install/moveit_resources_pr2_description:/home/zewy/ws_moveit2/install/moveit_resources_panda_moveit_config:/home/zewy/ws_moveit2/install/dual_arm_panda_moveit_config:/home/zewy/ws_moveit2/install/moveit_resources_panda_description:/home/zewy/ws_moveit2/install/moveit_resources_fanuc_moveit_config:/home/zewy/ws_moveit2/install/moveit_resources_fanuc_description:/home/zewy/ws_moveit2/install/moveit_planners_stomp:/home/zewy/ws_moveit2/install/moveit_planners_chomp:/home/zewy/ws_moveit2/install/chomp_motion_planner:/home/zewy/ws_moveit2/install/moveit_core:/home/zewy/ws_moveit2/install/moveit_msgs:/home/zewy/ws_moveit2/install/moveit_common:/home/zewy/ws_moveit2/install/kortex_driver:/home/zewy/ws_moveit2/install/kortex_api:/opt/ros/rolling/opt/gz_sim_vendor:/opt/ros/rolling/opt/gz_sensors_vendor:/opt/ros/rolling/opt/gz_gui_vendor:/opt/ros/rolling/opt/gz_transport_vendor:/opt/ros/rolling/opt/gz_physics_vendor:/opt/ros/rolling/opt/sdformat_vendor:/opt/ros/rolling/opt/gz_rendering_vendor:/opt/ros/rolling/opt/gz_plugin_vendor:/opt/ros/rolling/opt/gz_fuel_tools_vendor:/opt/ros/rolling/opt/gz_msgs_vendor:/opt/ros/rolling/opt/gz_common_vendor:/opt/ros/rolling/opt/gz_math_vendor:/opt/ros/rolling/opt/gz_utils_vendor:/opt/ros/rolling/opt/gz_tools_vendor:/opt/ros/rolling/opt/gz_ogre_next_vendor:/opt/ros/rolling/opt/gz_dartsim_vendor:/opt/ros/rolling/opt/gz_cmake_vendor:/home/zewy/ws_moveit2/install/moveit_configs_utils:/opt/ros/rolling DEBUGINFOD_URLS=https://debuginfod.ubuntu.com LD_LIBRARY_PATH=/home/zewy/ros2_ws/install/ethercat_generic_slave/lib:/home/zewy/ros2_ws/install/ethercat_interface/lib:${LD_LIBRARY_PATH} /usr/bin/cmake /home/zewy/ros2_ws/src/ethercat_driver_ros2/ethercat_driver_ros2/ethercat_generic_plugins/ethercat_generic_cia402_drive -DCMAKE_INSTALL_PREFIX=/home/zewy/ros2_ws/install/ethercat_generic_cia402_drive
[2.842s] Invoking command in '/home/zewy/ros2_ws/build/ethercat_generic_cia402_drive': AMENT_PREFIX_PATH=/home/zewy/ros2_ws/install/ethercat_generic_slave:/home/zewy/ros2_ws/install/ethercat_interface:${AMENT_PREFIX_PATH} CMAKE_PREFIX_PATH=/home/zewy/ros2_ws/install/ethercat_generic_slave:/home/zewy/ros2_ws/install/ethercat_interface:/home/zewy/ws_moveit2/install/robotiq_hardware_tests:/home/zewy/ws_moveit2/install/robotiq_driver:/home/zewy/ws_moveit2/install/serial:/home/zewy/ws_moveit2/install/moveit2_tutorials:/home/zewy/ws_moveit2/install/moveit_visual_tools:/home/zewy/ws_moveit2/install/rviz_visual_tools:/home/zewy/ws_moveit2/install/moveit_task_constructor_demo:/home/zewy/ws_moveit2/install/moveit_task_constructor_visualization:/home/zewy/ws_moveit2/install/moveit_task_constructor_capabilities:/home/zewy/ws_moveit2/install/moveit_task_constructor_core:/home/zewy/ws_moveit2/install/rviz_marker_tools:/home/zewy/ws_moveit2/install/kortex_bringup:/home/zewy/ws_moveit2/install/kinova_gen3_lite_moveit_config:/home/zewy/ws_moveit2/install/kinova_gen3_7dof_robotiq_2f_85_moveit_config:/home/zewy/ws_moveit2/install/kinova_gen3_6dof_robotiq_2f_85_moveit_config:/home/zewy/ws_moveit2/install/kortex_description:/home/zewy/ws_moveit2/install/robotiq_description:/home/zewy/ws_moveit2/install/robotiq_controllers:/home/zewy/ws_moveit2/install/pilz_industrial_motion_planner_testutils:/home/zewy/ws_moveit2/install/moveit_runtime:/home/zewy/ws_moveit2/install/moveit:/home/zewy/ws_moveit2/install/moveit_planners:/home/zewy/ws_moveit2/install/pilz_industrial_motion_planner:/home/zewy/ws_moveit2/install/moveit_task_constructor_msgs:/home/zewy/ws_moveit2/install/moveit_ros_control_interface:/home/zewy/ws_moveit2/install/moveit_plugins:/home/zewy/ws_moveit2/install/moveit_simple_controller_manager:/home/zewy/ws_moveit2/install/moveit_setup_assistant:/home/zewy/ws_moveit2/install/moveit_setup_srdf_plugins:/home/zewy/ws_moveit2/install/moveit_setup_core_plugins:/home/zewy/ws_moveit2/install/moveit_setup_controllers:/home/zewy/ws_moveit2/install/moveit_setup_app_plugins:/home/zewy/ws_moveit2/install/moveit_setup_framework:/home/zewy/ws_moveit2/install/moveit_servo:/home/zewy/ws_moveit2/install/moveit_ros_trajectory_cache:/home/zewy/ws_moveit2/install/moveit_ros:/home/zewy/ws_moveit2/install/moveit_ros_visualization:/home/zewy/ws_moveit2/install/moveit_py:/home/zewy/ws_moveit2/install/moveit_hybrid_planning:/home/zewy/ws_moveit2/install/moveit_ros_planning_interface:/home/zewy/ws_moveit2/install/moveit_ros_benchmarks:/home/zewy/ws_moveit2/install/moveit_ros_warehouse:/home/zewy/ws_moveit2/install/moveit_ros_robot_interaction:/home/zewy/ws_moveit2/install/moveit_ros_perception:/home/zewy/ws_moveit2/install/moveit_resources_prbt_pg70_support:/home/zewy/ws_moveit2/install/moveit_resources_prbt_moveit_config:/home/zewy/ws_moveit2/install/moveit_ros_move_group:/home/zewy/ws_moveit2/install/moveit_planners_ompl:/home/zewy/ws_moveit2/install/moveit_kinematics:/home/zewy/ws_moveit2/install/moveit_ros_planning:/home/zewy/ws_moveit2/install/moveit_ros_occupancy_map_monitor:/home/zewy/ws_moveit2/install/moveit_resources_prbt_support:/home/zewy/ws_moveit2/install/moveit_resources_prbt_ikfast_manipulator_plugin:/home/zewy/ws_moveit2/install/moveit_resources:/home/zewy/ws_moveit2/install/moveit_resources_pr2_description:/home/zewy/ws_moveit2/install/moveit_resources_panda_moveit_config:/home/zewy/ws_moveit2/install/dual_arm_panda_moveit_config:/home/zewy/ws_moveit2/install/moveit_resources_panda_description:/home/zewy/ws_moveit2/install/moveit_resources_fanuc_moveit_config:/home/zewy/ws_moveit2/install/moveit_resources_fanuc_description:/home/zewy/ws_moveit2/install/moveit_planners_stomp:/home/zewy/ws_moveit2/install/moveit_planners_chomp:/home/zewy/ws_moveit2/install/chomp_motion_planner:/home/zewy/ws_moveit2/install/moveit_core:/home/zewy/ws_moveit2/install/moveit_msgs:/home/zewy/ws_moveit2/install/moveit_common:/home/zewy/ws_moveit2/install/kortex_driver:/home/zewy/ws_moveit2/install/kortex_api:/opt/ros/rolling/opt/gz_sim_vendor:/opt/ros/rolling/opt/gz_sensors_vendor:/opt/ros/rolling/opt/gz_gui_vendor:/opt/ros/rolling/opt/gz_transport_vendor:/opt/ros/rolling/opt/gz_physics_vendor:/opt/ros/rolling/opt/sdformat_vendor:/opt/ros/rolling/opt/gz_rendering_vendor:/opt/ros/rolling/opt/gz_plugin_vendor:/opt/ros/rolling/opt/gz_fuel_tools_vendor:/opt/ros/rolling/opt/gz_msgs_vendor:/opt/ros/rolling/opt/gz_common_vendor:/opt/ros/rolling/opt/gz_math_vendor:/opt/ros/rolling/opt/gz_utils_vendor:/opt/ros/rolling/opt/gz_tools_vendor:/opt/ros/rolling/opt/gz_ogre_next_vendor:/opt/ros/rolling/opt/gz_dartsim_vendor:/opt/ros/rolling/opt/gz_cmake_vendor:/home/zewy/ws_moveit2/install/moveit_configs_utils:/opt/ros/rolling DEBUGINFOD_URLS=https://debuginfod.ubuntu.com LD_LIBRARY_PATH=/home/zewy/ros2_ws/install/ethercat_generic_slave/lib:/home/zewy/ros2_ws/install/ethercat_interface/lib:${LD_LIBRARY_PATH} /usr/bin/cmake --build /home/zewy/ros2_ws/build/ethercat_generic_cia402_drive -- -j12 -l12
[2.940s] [ 36%] [32mBuilding CXX object CMakeFiles/ethercat_generic_cia402_drive.dir/src/generic_ec_cia402_drive.cpp.o[0m
[2.940s] [ 36%] [32mBuilding CXX object gmock/CMakeFiles/gmock_main.dir/src/gmock_main.cc.o[0m
[2.940s] [ 36%] [32mBuilding CXX object gmock/CMakeFiles/gmock.dir/src/gmock-all.cc.o[0m
[2.941s] [ 36%] [32mBuilding CXX object gmock/CMakeFiles/gmock.dir/opt/ros/rolling/src/gtest_vendor/src/gtest-all.cc.o[0m
[4.284s] [ 45%] [32m[1mLinking CXX static library libgmock_main.a[0m
[4.408s] [ 45%] Built target gmock_main
[4.774s] [ 54%] [32m[1mLinking CXX shared library libethercat_generic_cia402_drive.so[0m
[4.934s] [ 54%] Built target ethercat_generic_cia402_drive
[6.788s] [ 63%] [32m[1mLinking CXX static library libgmock.a[0m
[6.931s] [ 63%] Built target gmock
[6.972s] [ 72%] [32mBuilding CXX object CMakeFiles/test_load_generic_plugins.dir/test/test_load_ec_modules.cpp.o[0m
[6.973s] [ 81%] [32mBuilding CXX object CMakeFiles/test_generic_ec_cia402_drive.dir/test/test_generic_ec_cia402_drive.cpp.o[0m
[9.044s] [ 90%] [32m[1mLinking CXX executable test_load_generic_plugins[0m
[9.242s] [100%] [32m[1mLinking CXX executable test_generic_ec_cia402_drive[0m
[9.278s] [100%] Built target test_load_generic_plugins
[9.466s] [100%] Built target test_generic_ec_cia402_drive
[9.486s] Invoked command in '/home/zewy/ros2_ws/build/ethercat_generic_cia402_drive' returned '0': AMENT_PREFIX_PATH=/home/zewy/ros2_ws/install/ethercat_generic_slave:/home/zewy/ros2_ws/install/ethercat_interface:${AMENT_PREFIX_PATH} CMAKE_PREFIX_PATH=/home/zewy/ros2_ws/install/ethercat_generic_slave:/home/zewy/ros2_ws/install/ethercat_interface:/home/zewy/ws_moveit2/install/robotiq_hardware_tests:/home/zewy/ws_moveit2/install/robotiq_driver:/home/zewy/ws_moveit2/install/serial:/home/zewy/ws_moveit2/install/moveit2_tutorials:/home/zewy/ws_moveit2/install/moveit_visual_tools:/home/zewy/ws_moveit2/install/rviz_visual_tools:/home/zewy/ws_moveit2/install/moveit_task_constructor_demo:/home/zewy/ws_moveit2/install/moveit_task_constructor_visualization:/home/zewy/ws_moveit2/install/moveit_task_constructor_capabilities:/home/zewy/ws_moveit2/install/moveit_task_constructor_core:/home/zewy/ws_moveit2/install/rviz_marker_tools:/home/zewy/ws_moveit2/install/kortex_bringup:/home/zewy/ws_moveit2/install/kinova_gen3_lite_moveit_config:/home/zewy/ws_moveit2/install/kinova_gen3_7dof_robotiq_2f_85_moveit_config:/home/zewy/ws_moveit2/install/kinova_gen3_6dof_robotiq_2f_85_moveit_config:/home/zewy/ws_moveit2/install/kortex_description:/home/zewy/ws_moveit2/install/robotiq_description:/home/zewy/ws_moveit2/install/robotiq_controllers:/home/zewy/ws_moveit2/install/pilz_industrial_motion_planner_testutils:/home/zewy/ws_moveit2/install/moveit_runtime:/home/zewy/ws_moveit2/install/moveit:/home/zewy/ws_moveit2/install/moveit_planners:/home/zewy/ws_moveit2/install/pilz_industrial_motion_planner:/home/zewy/ws_moveit2/install/moveit_task_constructor_msgs:/home/zewy/ws_moveit2/install/moveit_ros_control_interface:/home/zewy/ws_moveit2/install/moveit_plugins:/home/zewy/ws_moveit2/install/moveit_simple_controller_manager:/home/zewy/ws_moveit2/install/moveit_setup_assistant:/home/zewy/ws_moveit2/install/moveit_setup_srdf_plugins:/home/zewy/ws_moveit2/install/moveit_setup_core_plugins:/home/zewy/ws_moveit2/install/moveit_setup_controllers:/home/zewy/ws_moveit2/install/moveit_setup_app_plugins:/home/zewy/ws_moveit2/install/moveit_setup_framework:/home/zewy/ws_moveit2/install/moveit_servo:/home/zewy/ws_moveit2/install/moveit_ros_trajectory_cache:/home/zewy/ws_moveit2/install/moveit_ros:/home/zewy/ws_moveit2/install/moveit_ros_visualization:/home/zewy/ws_moveit2/install/moveit_py:/home/zewy/ws_moveit2/install/moveit_hybrid_planning:/home/zewy/ws_moveit2/install/moveit_ros_planning_interface:/home/zewy/ws_moveit2/install/moveit_ros_benchmarks:/home/zewy/ws_moveit2/install/moveit_ros_warehouse:/home/zewy/ws_moveit2/install/moveit_ros_robot_interaction:/home/zewy/ws_moveit2/install/moveit_ros_perception:/home/zewy/ws_moveit2/install/moveit_resources_prbt_pg70_support:/home/zewy/ws_moveit2/install/moveit_resources_prbt_moveit_config:/home/zewy/ws_moveit2/install/moveit_ros_move_group:/home/zewy/ws_moveit2/install/moveit_planners_ompl:/home/zewy/ws_moveit2/install/moveit_kinematics:/home/zewy/ws_moveit2/install/moveit_ros_planning:/home/zewy/ws_moveit2/install/moveit_ros_occupancy_map_monitor:/home/zewy/ws_moveit2/install/moveit_resources_prbt_support:/home/zewy/ws_moveit2/install/moveit_resources_prbt_ikfast_manipulator_plugin:/home/zewy/ws_moveit2/install/moveit_resources:/home/zewy/ws_moveit2/install/moveit_resources_pr2_description:/home/zewy/ws_moveit2/install/moveit_resources_panda_moveit_config:/home/zewy/ws_moveit2/install/dual_arm_panda_moveit_config:/home/zewy/ws_moveit2/install/moveit_resources_panda_description:/home/zewy/ws_moveit2/install/moveit_resources_fanuc_moveit_config:/home/zewy/ws_moveit2/install/moveit_resources_fanuc_description:/home/zewy/ws_moveit2/install/moveit_planners_stomp:/home/zewy/ws_moveit2/install/moveit_planners_chomp:/home/zewy/ws_moveit2/install/chomp_motion_planner:/home/zewy/ws_moveit2/install/moveit_core:/home/zewy/ws_moveit2/install/moveit_msgs:/home/zewy/ws_moveit2/install/moveit_common:/home/zewy/ws_moveit2/install/kortex_driver:/home/zewy/ws_moveit2/install/kortex_api:/opt/ros/rolling/opt/gz_sim_vendor:/opt/ros/rolling/opt/gz_sensors_vendor:/opt/ros/rolling/opt/gz_gui_vendor:/opt/ros/rolling/opt/gz_transport_vendor:/opt/ros/rolling/opt/gz_physics_vendor:/opt/ros/rolling/opt/sdformat_vendor:/opt/ros/rolling/opt/gz_rendering_vendor:/opt/ros/rolling/opt/gz_plugin_vendor:/opt/ros/rolling/opt/gz_fuel_tools_vendor:/opt/ros/rolling/opt/gz_msgs_vendor:/opt/ros/rolling/opt/gz_common_vendor:/opt/ros/rolling/opt/gz_math_vendor:/opt/ros/rolling/opt/gz_utils_vendor:/opt/ros/rolling/opt/gz_tools_vendor:/opt/ros/rolling/opt/gz_ogre_next_vendor:/opt/ros/rolling/opt/gz_dartsim_vendor:/opt/ros/rolling/opt/gz_cmake_vendor:/home/zewy/ws_moveit2/install/moveit_configs_utils:/opt/ros/rolling DEBUGINFOD_URLS=https://debuginfod.ubuntu.com LD_LIBRARY_PATH=/home/zewy/ros2_ws/install/ethercat_generic_slave/lib:/home/zewy/ros2_ws/install/ethercat_interface/lib:${LD_LIBRARY_PATH} /usr/bin/cmake --build /home/zewy/ros2_ws/build/ethercat_generic_cia402_drive -- -j12 -l12
[9.487s] Invoking command in '/home/zewy/ros2_ws/build/ethercat_generic_cia402_drive': AMENT_PREFIX_PATH=/home/zewy/ros2_ws/install/ethercat_generic_slave:/home/zewy/ros2_ws/install/ethercat_interface:${AMENT_PREFIX_PATH} CMAKE_PREFIX_PATH=/home/zewy/ros2_ws/install/ethercat_generic_slave:/home/zewy/ros2_ws/install/ethercat_interface:/home/zewy/ws_moveit2/install/robotiq_hardware_tests:/home/zewy/ws_moveit2/install/robotiq_driver:/home/zewy/ws_moveit2/install/serial:/home/zewy/ws_moveit2/install/moveit2_tutorials:/home/zewy/ws_moveit2/install/moveit_visual_tools:/home/zewy/ws_moveit2/install/rviz_visual_tools:/home/zewy/ws_moveit2/install/moveit_task_constructor_demo:/home/zewy/ws_moveit2/install/moveit_task_constructor_visualization:/home/zewy/ws_moveit2/install/moveit_task_constructor_capabilities:/home/zewy/ws_moveit2/install/moveit_task_constructor_core:/home/zewy/ws_moveit2/install/rviz_marker_tools:/home/zewy/ws_moveit2/install/kortex_bringup:/home/zewy/ws_moveit2/install/kinova_gen3_lite_moveit_config:/home/zewy/ws_moveit2/install/kinova_gen3_7dof_robotiq_2f_85_moveit_config:/home/zewy/ws_moveit2/install/kinova_gen3_6dof_robotiq_2f_85_moveit_config:/home/zewy/ws_moveit2/install/kortex_description:/home/zewy/ws_moveit2/install/robotiq_description:/home/zewy/ws_moveit2/install/robotiq_controllers:/home/zewy/ws_moveit2/install/pilz_industrial_motion_planner_testutils:/home/zewy/ws_moveit2/install/moveit_runtime:/home/zewy/ws_moveit2/install/moveit:/home/zewy/ws_moveit2/install/moveit_planners:/home/zewy/ws_moveit2/install/pilz_industrial_motion_planner:/home/zewy/ws_moveit2/install/moveit_task_constructor_msgs:/home/zewy/ws_moveit2/install/moveit_ros_control_interface:/home/zewy/ws_moveit2/install/moveit_plugins:/home/zewy/ws_moveit2/install/moveit_simple_controller_manager:/home/zewy/ws_moveit2/install/moveit_setup_assistant:/home/zewy/ws_moveit2/install/moveit_setup_srdf_plugins:/home/zewy/ws_moveit2/install/moveit_setup_core_plugins:/home/zewy/ws_moveit2/install/moveit_setup_controllers:/home/zewy/ws_moveit2/install/moveit_setup_app_plugins:/home/zewy/ws_moveit2/install/moveit_setup_framework:/home/zewy/ws_moveit2/install/moveit_servo:/home/zewy/ws_moveit2/install/moveit_ros_trajectory_cache:/home/zewy/ws_moveit2/install/moveit_ros:/home/zewy/ws_moveit2/install/moveit_ros_visualization:/home/zewy/ws_moveit2/install/moveit_py:/home/zewy/ws_moveit2/install/moveit_hybrid_planning:/home/zewy/ws_moveit2/install/moveit_ros_planning_interface:/home/zewy/ws_moveit2/install/moveit_ros_benchmarks:/home/zewy/ws_moveit2/install/moveit_ros_warehouse:/home/zewy/ws_moveit2/install/moveit_ros_robot_interaction:/home/zewy/ws_moveit2/install/moveit_ros_perception:/home/zewy/ws_moveit2/install/moveit_resources_prbt_pg70_support:/home/zewy/ws_moveit2/install/moveit_resources_prbt_moveit_config:/home/zewy/ws_moveit2/install/moveit_ros_move_group:/home/zewy/ws_moveit2/install/moveit_planners_ompl:/home/zewy/ws_moveit2/install/moveit_kinematics:/home/zewy/ws_moveit2/install/moveit_ros_planning:/home/zewy/ws_moveit2/install/moveit_ros_occupancy_map_monitor:/home/zewy/ws_moveit2/install/moveit_resources_prbt_support:/home/zewy/ws_moveit2/install/moveit_resources_prbt_ikfast_manipulator_plugin:/home/zewy/ws_moveit2/install/moveit_resources:/home/zewy/ws_moveit2/install/moveit_resources_pr2_description:/home/zewy/ws_moveit2/install/moveit_resources_panda_moveit_config:/home/zewy/ws_moveit2/install/dual_arm_panda_moveit_config:/home/zewy/ws_moveit2/install/moveit_resources_panda_description:/home/zewy/ws_moveit2/install/moveit_resources_fanuc_moveit_config:/home/zewy/ws_moveit2/install/moveit_resources_fanuc_description:/home/zewy/ws_moveit2/install/moveit_planners_stomp:/home/zewy/ws_moveit2/install/moveit_planners_chomp:/home/zewy/ws_moveit2/install/chomp_motion_planner:/home/zewy/ws_moveit2/install/moveit_core:/home/zewy/ws_moveit2/install/moveit_msgs:/home/zewy/ws_moveit2/install/moveit_common:/home/zewy/ws_moveit2/install/kortex_driver:/home/zewy/ws_moveit2/install/kortex_api:/opt/ros/rolling/opt/gz_sim_vendor:/opt/ros/rolling/opt/gz_sensors_vendor:/opt/ros/rolling/opt/gz_gui_vendor:/opt/ros/rolling/opt/gz_transport_vendor:/opt/ros/rolling/opt/gz_physics_vendor:/opt/ros/rolling/opt/sdformat_vendor:/opt/ros/rolling/opt/gz_rendering_vendor:/opt/ros/rolling/opt/gz_plugin_vendor:/opt/ros/rolling/opt/gz_fuel_tools_vendor:/opt/ros/rolling/opt/gz_msgs_vendor:/opt/ros/rolling/opt/gz_common_vendor:/opt/ros/rolling/opt/gz_math_vendor:/opt/ros/rolling/opt/gz_utils_vendor:/opt/ros/rolling/opt/gz_tools_vendor:/opt/ros/rolling/opt/gz_ogre_next_vendor:/opt/ros/rolling/opt/gz_dartsim_vendor:/opt/ros/rolling/opt/gz_cmake_vendor:/home/zewy/ws_moveit2/install/moveit_configs_utils:/opt/ros/rolling DEBUGINFOD_URLS=https://debuginfod.ubuntu.com LD_LIBRARY_PATH=/home/zewy/ros2_ws/install/ethercat_generic_slave/lib:/home/zewy/ros2_ws/install/ethercat_interface/lib:${LD_LIBRARY_PATH} /usr/bin/cmake --install /home/zewy/ros2_ws/build/ethercat_generic_cia402_drive
[9.504s] -- Install configuration: ""
[9.505s] -- Installing: /home/zewy/ros2_ws/install/ethercat_generic_cia402_drive/share/ethercat_generic_cia402_drive/ethercat_plugins.xml
[9.505s] -- Installing: /home/zewy/ros2_ws/install/ethercat_generic_cia402_drive/include
[9.505s] -- Installing: /home/zewy/ros2_ws/install/ethercat_generic_cia402_drive/include/ethercat_generic_plugins
[9.505s] -- Installing: /home/zewy/ros2_ws/install/ethercat_generic_cia402_drive/include/ethercat_generic_plugins/cia402_common_defs.hpp
[9.505s] -- Installing: /home/zewy/ros2_ws/install/ethercat_generic_cia402_drive/include/ethercat_generic_plugins/generic_ec_cia402_drive.hpp
[9.505s] -- Installing: /home/zewy/ros2_ws/install/ethercat_generic_cia402_drive/lib/libethercat_generic_cia402_drive.so
[9.507s] -- Set non-toolchain portion of runtime path of "/home/zewy/ros2_ws/install/ethercat_generic_cia402_drive/lib/libethercat_generic_cia402_drive.so" to ""
[9.507s] -- Installing: /home/zewy/ros2_ws/install/ethercat_generic_cia402_drive/share/ethercat_generic_cia402_drive/environment/library_path.sh
[9.507s] -- Installing: /home/zewy/ros2_ws/install/ethercat_generic_cia402_drive/share/ethercat_generic_cia402_drive/environment/library_path.dsv
[9.507s] -- Installing: /home/zewy/ros2_ws/install/ethercat_generic_cia402_drive/share/ament_index/resource_index/package_run_dependencies/ethercat_generic_cia402_drive
[9.507s] -- Installing: /home/zewy/ros2_ws/install/ethercat_generic_cia402_drive/share/ament_index/resource_index/parent_prefix_path/ethercat_generic_cia402_drive
[9.507s] -- Installing: /home/zewy/ros2_ws/install/ethercat_generic_cia402_drive/share/ethercat_generic_cia402_drive/environment/ament_prefix_path.sh
[9.508s] -- Installing: /home/zewy/ros2_ws/install/ethercat_generic_cia402_drive/share/ethercat_generic_cia402_drive/environment/ament_prefix_path.dsv
[9.508s] -- Installing: /home/zewy/ros2_ws/install/ethercat_generic_cia402_drive/share/ethercat_generic_cia402_drive/environment/path.sh
[9.508s] -- Installing: /home/zewy/ros2_ws/install/ethercat_generic_cia402_drive/share/ethercat_generic_cia402_drive/environment/path.dsv
[9.508s] -- Installing: /home/zewy/ros2_ws/install/ethercat_generic_cia402_drive/share/ethercat_generic_cia402_drive/local_setup.bash
[9.508s] -- Installing: /home/zewy/ros2_ws/install/ethercat_generic_cia402_drive/share/ethercat_generic_cia402_drive/local_setup.sh
[9.508s] -- Installing: /home/zewy/ros2_ws/install/ethercat_generic_cia402_drive/share/ethercat_generic_cia402_drive/local_setup.zsh
[9.509s] -- Installing: /home/zewy/ros2_ws/install/ethercat_generic_cia402_drive/share/ethercat_generic_cia402_drive/local_setup.dsv
[9.509s] -- Installing: /home/zewy/ros2_ws/install/ethercat_generic_cia402_drive/share/ethercat_generic_cia402_drive/package.dsv
[9.509s] -- Installing: /home/zewy/ros2_ws/install/ethercat_generic_cia402_drive/share/ament_index/resource_index/packages/ethercat_generic_cia402_drive
[9.509s] -- Installing: /home/zewy/ros2_ws/install/ethercat_generic_cia402_drive/share/ament_index/resource_index/ethercat_interface__pluginlib__plugin/ethercat_generic_cia402_drive
[9.509s] -- Installing: /home/zewy/ros2_ws/install/ethercat_generic_cia402_drive/share/ethercat_generic_cia402_drive/cmake/export_ethercat_generic_cia402_driveExport.cmake
[9.510s] -- Installing: /home/zewy/ros2_ws/install/ethercat_generic_cia402_drive/share/ethercat_generic_cia402_drive/cmake/export_ethercat_generic_cia402_driveExport-noconfig.cmake
[9.510s] -- Installing: /home/zewy/ros2_ws/install/ethercat_generic_cia402_drive/share/ethercat_generic_cia402_drive/cmake/ament_cmake_export_include_directories-extras.cmake
[9.510s] -- Installing: /home/zewy/ros2_ws/install/ethercat_generic_cia402_drive/share/ethercat_generic_cia402_drive/cmake/ament_cmake_export_libraries-extras.cmake
[9.510s] -- Installing: /home/zewy/ros2_ws/install/ethercat_generic_cia402_drive/share/ethercat_generic_cia402_drive/cmake/ament_cmake_export_targets-extras.cmake
[9.510s] -- Installing: /home/zewy/ros2_ws/install/ethercat_generic_cia402_drive/share/ethercat_generic_cia402_drive/cmake/ethercat_generic_cia402_driveConfig.cmake
[9.510s] -- Installing: /home/zewy/ros2_ws/install/ethercat_generic_cia402_drive/share/ethercat_generic_cia402_drive/cmake/ethercat_generic_cia402_driveConfig-version.cmake
[9.511s] -- Installing: /home/zewy/ros2_ws/install/ethercat_generic_cia402_drive/share/ethercat_generic_cia402_drive/package.xml
[9.513s] Invoked command in '/home/zewy/ros2_ws/build/ethercat_generic_cia402_drive' returned '0': AMENT_PREFIX_PATH=/home/zewy/ros2_ws/install/ethercat_generic_slave:/home/zewy/ros2_ws/install/ethercat_interface:${AMENT_PREFIX_PATH} CMAKE_PREFIX_PATH=/home/zewy/ros2_ws/install/ethercat_generic_slave:/home/zewy/ros2_ws/install/ethercat_interface:/home/zewy/ws_moveit2/install/robotiq_hardware_tests:/home/zewy/ws_moveit2/install/robotiq_driver:/home/zewy/ws_moveit2/install/serial:/home/zewy/ws_moveit2/install/moveit2_tutorials:/home/zewy/ws_moveit2/install/moveit_visual_tools:/home/zewy/ws_moveit2/install/rviz_visual_tools:/home/zewy/ws_moveit2/install/moveit_task_constructor_demo:/home/zewy/ws_moveit2/install/moveit_task_constructor_visualization:/home/zewy/ws_moveit2/install/moveit_task_constructor_capabilities:/home/zewy/ws_moveit2/install/moveit_task_constructor_core:/home/zewy/ws_moveit2/install/rviz_marker_tools:/home/zewy/ws_moveit2/install/kortex_bringup:/home/zewy/ws_moveit2/install/kinova_gen3_lite_moveit_config:/home/zewy/ws_moveit2/install/kinova_gen3_7dof_robotiq_2f_85_moveit_config:/home/zewy/ws_moveit2/install/kinova_gen3_6dof_robotiq_2f_85_moveit_config:/home/zewy/ws_moveit2/install/kortex_description:/home/zewy/ws_moveit2/install/robotiq_description:/home/zewy/ws_moveit2/install/robotiq_controllers:/home/zewy/ws_moveit2/install/pilz_industrial_motion_planner_testutils:/home/zewy/ws_moveit2/install/moveit_runtime:/home/zewy/ws_moveit2/install/moveit:/home/zewy/ws_moveit2/install/moveit_planners:/home/zewy/ws_moveit2/install/pilz_industrial_motion_planner:/home/zewy/ws_moveit2/install/moveit_task_constructor_msgs:/home/zewy/ws_moveit2/install/moveit_ros_control_interface:/home/zewy/ws_moveit2/install/moveit_plugins:/home/zewy/ws_moveit2/install/moveit_simple_controller_manager:/home/zewy/ws_moveit2/install/moveit_setup_assistant:/home/zewy/ws_moveit2/install/moveit_setup_srdf_plugins:/home/zewy/ws_moveit2/install/moveit_setup_core_plugins:/home/zewy/ws_moveit2/install/moveit_setup_controllers:/home/zewy/ws_moveit2/install/moveit_setup_app_plugins:/home/zewy/ws_moveit2/install/moveit_setup_framework:/home/zewy/ws_moveit2/install/moveit_servo:/home/zewy/ws_moveit2/install/moveit_ros_trajectory_cache:/home/zewy/ws_moveit2/install/moveit_ros:/home/zewy/ws_moveit2/install/moveit_ros_visualization:/home/zewy/ws_moveit2/install/moveit_py:/home/zewy/ws_moveit2/install/moveit_hybrid_planning:/home/zewy/ws_moveit2/install/moveit_ros_planning_interface:/home/zewy/ws_moveit2/install/moveit_ros_benchmarks:/home/zewy/ws_moveit2/install/moveit_ros_warehouse:/home/zewy/ws_moveit2/install/moveit_ros_robot_interaction:/home/zewy/ws_moveit2/install/moveit_ros_perception:/home/zewy/ws_moveit2/install/moveit_resources_prbt_pg70_support:/home/zewy/ws_moveit2/install/moveit_resources_prbt_moveit_config:/home/zewy/ws_moveit2/install/moveit_ros_move_group:/home/zewy/ws_moveit2/install/moveit_planners_ompl:/home/zewy/ws_moveit2/install/moveit_kinematics:/home/zewy/ws_moveit2/install/moveit_ros_planning:/home/zewy/ws_moveit2/install/moveit_ros_occupancy_map_monitor:/home/zewy/ws_moveit2/install/moveit_resources_prbt_support:/home/zewy/ws_moveit2/install/moveit_resources_prbt_ikfast_manipulator_plugin:/home/zewy/ws_moveit2/install/moveit_resources:/home/zewy/ws_moveit2/install/moveit_resources_pr2_description:/home/zewy/ws_moveit2/install/moveit_resources_panda_moveit_config:/home/zewy/ws_moveit2/install/dual_arm_panda_moveit_config:/home/zewy/ws_moveit2/install/moveit_resources_panda_description:/home/zewy/ws_moveit2/install/moveit_resources_fanuc_moveit_config:/home/zewy/ws_moveit2/install/moveit_resources_fanuc_description:/home/zewy/ws_moveit2/install/moveit_planners_stomp:/home/zewy/ws_moveit2/install/moveit_planners_chomp:/home/zewy/ws_moveit2/install/chomp_motion_planner:/home/zewy/ws_moveit2/install/moveit_core:/home/zewy/ws_moveit2/install/moveit_msgs:/home/zewy/ws_moveit2/install/moveit_common:/home/zewy/ws_moveit2/install/kortex_driver:/home/zewy/ws_moveit2/install/kortex_api:/opt/ros/rolling/opt/gz_sim_vendor:/opt/ros/rolling/opt/gz_sensors_vendor:/opt/ros/rolling/opt/gz_gui_vendor:/opt/ros/rolling/opt/gz_transport_vendor:/opt/ros/rolling/opt/gz_physics_vendor:/opt/ros/rolling/opt/sdformat_vendor:/opt/ros/rolling/opt/gz_rendering_vendor:/opt/ros/rolling/opt/gz_plugin_vendor:/opt/ros/rolling/opt/gz_fuel_tools_vendor:/opt/ros/rolling/opt/gz_msgs_vendor:/opt/ros/rolling/opt/gz_common_vendor:/opt/ros/rolling/opt/gz_math_vendor:/opt/ros/rolling/opt/gz_utils_vendor:/opt/ros/rolling/opt/gz_tools_vendor:/opt/ros/rolling/opt/gz_ogre_next_vendor:/opt/ros/rolling/opt/gz_dartsim_vendor:/opt/ros/rolling/opt/gz_cmake_vendor:/home/zewy/ws_moveit2/install/moveit_configs_utils:/opt/ros/rolling DEBUGINFOD_URLS=https://debuginfod.ubuntu.com LD_LIBRARY_PATH=/home/zewy/ros2_ws/install/ethercat_generic_slave/lib:/home/zewy/ros2_ws/install/ethercat_interface/lib:${LD_LIBRARY_PATH} /usr/bin/cmake --install /home/zewy/ros2_ws/build/ethercat_generic_cia402_drive
