[0.102s] Invoking command in '/home/zewy/ros2_ws/build/ethercat_interface': CMAKE_PREFIX_PATH=${CMAKE_PREFIX_PATH}:/home/zewy/ws_moveit2/install/moveit_configs_utils:/opt/ros/rolling DEBUGINFOD_URLS=https://debuginfod.ubuntu.com /usr/bin/cmake --build /home/zewy/ros2_ws/build/ethercat_interface -- -j12 -l12
[0.885s] [ 44%] Built target gmock_main
[0.887s] [ 44%] Built target ethercat_interface
[0.888s] [ 77%] Built target gmock
[0.889s] [100%] Built target test_ec_pdo_channel_manager
[0.899s] Invoked command in '/home/zewy/ros2_ws/build/ethercat_interface' returned '0': CMAKE_PREFIX_PATH=${CMAKE_PREFIX_PATH}:/home/zewy/ws_moveit2/install/moveit_configs_utils:/opt/ros/rolling DEBUGINFOD_URLS=https://debuginfod.ubuntu.com /usr/bin/cmake --build /home/zewy/ros2_ws/build/ethercat_interface -- -j12 -l12
[0.947s] Invoking command in '/home/zewy/ros2_ws/build/ethercat_interface': CMAKE_PREFIX_PATH=${CMAKE_PREFIX_PATH}:/home/zewy/ws_moveit2/install/moveit_configs_utils:/opt/ros/rolling DEBUGINFOD_URLS=https://debuginfod.ubuntu.com /usr/bin/cmake --install /home/zewy/ros2_ws/build/ethercat_interface
[0.990s] -- Install configuration: ""
[0.991s] -- Up-to-date: /home/zewy/ros2_ws/install/ethercat_interface/lib/libethercat_interface.so
[0.992s] -- Up-to-date: /home/zewy/ros2_ws/install/ethercat_interface/include
[0.993s] -- Up-to-date: /home/zewy/ros2_ws/install/ethercat_interface/include/ethercat_interface
[0.994s] -- Up-to-date: /home/zewy/ros2_ws/install/ethercat_interface/include/ethercat_interface/ec_slave.hpp
[0.994s] -- Up-to-date: /home/zewy/ros2_ws/install/ethercat_interface/include/ethercat_interface/ec_sync_manager.hpp
[0.995s] -- Up-to-date: /home/zewy/ros2_ws/install/ethercat_interface/include/ethercat_interface/ec_pdo_channel_manager.hpp
[0.995s] -- Up-to-date: /home/zewy/ros2_ws/install/ethercat_interface/include/ethercat_interface/ec_sdo_manager.hpp
[0.996s] -- Up-to-date: /home/zewy/ros2_ws/install/ethercat_interface/include/ethercat_interface/ec_master.hpp
[0.996s] -- Up-to-date: /home/zewy/ros2_ws/install/ethercat_interface/share/ethercat_interface/environment/library_path.sh
[0.996s] -- Up-to-date: /home/zewy/ros2_ws/install/ethercat_interface/share/ethercat_interface/environment/library_path.dsv
[0.996s] -- Up-to-date: /home/zewy/ros2_ws/install/ethercat_interface/share/ament_index/resource_index/package_run_dependencies/ethercat_interface
[0.997s] -- Up-to-date: /home/zewy/ros2_ws/install/ethercat_interface/share/ament_index/resource_index/parent_prefix_path/ethercat_interface
[0.997s] -- Up-to-date: /home/zewy/ros2_ws/install/ethercat_interface/share/ethercat_interface/environment/ament_prefix_path.sh
[0.997s] -- Up-to-date: /home/zewy/ros2_ws/install/ethercat_interface/share/ethercat_interface/environment/ament_prefix_path.dsv
[0.997s] -- Up-to-date: /home/zewy/ros2_ws/install/ethercat_interface/share/ethercat_interface/environment/path.sh
[0.998s] -- Up-to-date: /home/zewy/ros2_ws/install/ethercat_interface/share/ethercat_interface/environment/path.dsv
[0.998s] -- Up-to-date: /home/zewy/ros2_ws/install/ethercat_interface/share/ethercat_interface/local_setup.bash
[0.998s] -- Up-to-date: /home/zewy/ros2_ws/install/ethercat_interface/share/ethercat_interface/local_setup.sh
[0.998s] -- Up-to-date: /home/zewy/ros2_ws/install/ethercat_interface/share/ethercat_interface/local_setup.zsh
[0.998s] -- Up-to-date: /home/zewy/ros2_ws/install/ethercat_interface/share/ethercat_interface/local_setup.dsv
[0.999s] -- Installing: /home/zewy/ros2_ws/install/ethercat_interface/share/ethercat_interface/package.dsv
[0.999s] -- Up-to-date: /home/zewy/ros2_ws/install/ethercat_interface/share/ament_index/resource_index/packages/ethercat_interface
[1.000s] -- Up-to-date: /home/zewy/ros2_ws/install/ethercat_interface/share/ethercat_interface/cmake/ament_cmake_export_include_directories-extras.cmake
[1.000s] -- Up-to-date: /home/zewy/ros2_ws/install/ethercat_interface/share/ethercat_interface/cmake/ament_cmake_export_libraries-extras.cmake
[1.001s] -- Up-to-date: /home/zewy/ros2_ws/install/ethercat_interface/share/ethercat_interface/cmake/ament_cmake_export_dependencies-extras.cmake
[1.004s] -- Up-to-date: /home/zewy/ros2_ws/install/ethercat_interface/share/ethercat_interface/cmake/ethercat_interfaceConfig.cmake
[1.004s] -- Up-to-date: /home/zewy/ros2_ws/install/ethercat_interface/share/ethercat_interface/cmake/ethercat_interfaceConfig-version.cmake
[1.005s] -- Up-to-date: /home/zewy/ros2_ws/install/ethercat_interface/share/ethercat_interface/package.xml
[1.007s] Invoked command in '/home/zewy/ros2_ws/build/ethercat_interface' returned '0': CMAKE_PREFIX_PATH=${CMAKE_PREFIX_PATH}:/home/zewy/ws_moveit2/install/moveit_configs_utils:/opt/ros/rolling DEBUGINFOD_URLS=https://debuginfod.ubuntu.com /usr/bin/cmake --install /home/zewy/ros2_ws/build/ethercat_interface
