[0.100s] Invoking command in '/home/zewy/ros2_ws/build/ethercat_interface': CMAKE_PREFIX_PATH=${CMAKE_PREFIX_PATH}:/home/zewy/ws_moveit2/install/moveit_configs_utils:/opt/ros/rolling DEBUGINFOD_URLS=https://debuginfod.ubuntu.com /usr/bin/cmake --build /home/zewy/ros2_ws/build/ethercat_interface -- -j12 -l12
[0.847s] [ 22%] Built target gmock_main
[0.848s] [ 44%] Built target ethercat_interface
[0.848s] [ 77%] Built target gmock
[0.849s] [100%] Built target test_ec_pdo_channel_manager
[0.860s] Invoked command in '/home/zewy/ros2_ws/build/ethercat_interface' returned '0': CMAKE_PREFIX_PATH=${CMAKE_PREFIX_PATH}:/home/zewy/ws_moveit2/install/moveit_configs_utils:/opt/ros/rolling DEBUGINFOD_URLS=https://debuginfod.ubuntu.com /usr/bin/cmake --build /home/zewy/ros2_ws/build/ethercat_interface -- -j12 -l12
[0.905s] Invoking command in '/home/zewy/ros2_ws/build/ethercat_interface': CMAKE_PREFIX_PATH=${CMAKE_PREFIX_PATH}:/home/zewy/ws_moveit2/install/moveit_configs_utils:/opt/ros/rolling DEBUGINFOD_URLS=https://debuginfod.ubuntu.com /usr/bin/cmake --install /home/zewy/ros2_ws/build/ethercat_interface
[0.946s] -- Install configuration: ""
[0.947s] -- Up-to-date: /home/zewy/ros2_ws/install/ethercat_interface/lib/libethercat_interface.so
[0.948s] -- Up-to-date: /home/zewy/ros2_ws/install/ethercat_interface/include
[0.948s] -- Up-to-date: /home/zewy/ros2_ws/install/ethercat_interface/include/ethercat_interface
[0.949s] -- Up-to-date: /home/zewy/ros2_ws/install/ethercat_interface/include/ethercat_interface/ec_slave.hpp
[0.950s] -- Up-to-date: /home/zewy/ros2_ws/install/ethercat_interface/include/ethercat_interface/ec_sync_manager.hpp
[0.950s] -- Up-to-date: /home/zewy/ros2_ws/install/ethercat_interface/include/ethercat_interface/ec_pdo_channel_manager.hpp
[0.951s] -- Up-to-date: /home/zewy/ros2_ws/install/ethercat_interface/include/ethercat_interface/ec_sdo_manager.hpp
[0.951s] -- Up-to-date: /home/zewy/ros2_ws/install/ethercat_interface/include/ethercat_interface/ec_master.hpp
[0.951s] -- Up-to-date: /home/zewy/ros2_ws/install/ethercat_interface/share/ethercat_interface/environment/library_path.sh
[0.951s] -- Up-to-date: /home/zewy/ros2_ws/install/ethercat_interface/share/ethercat_interface/environment/library_path.dsv
[0.952s] -- Up-to-date: /home/zewy/ros2_ws/install/ethercat_interface/share/ament_index/resource_index/package_run_dependencies/ethercat_interface
[0.952s] -- Up-to-date: /home/zewy/ros2_ws/install/ethercat_interface/share/ament_index/resource_index/parent_prefix_path/ethercat_interface
[0.952s] -- Up-to-date: /home/zewy/ros2_ws/install/ethercat_interface/share/ethercat_interface/environment/ament_prefix_path.sh
[0.953s] -- Up-to-date: /home/zewy/ros2_ws/install/ethercat_interface/share/ethercat_interface/environment/ament_prefix_path.dsv
[0.953s] -- Up-to-date: /home/zewy/ros2_ws/install/ethercat_interface/share/ethercat_interface/environment/path.sh
[0.953s] -- Up-to-date: /home/zewy/ros2_ws/install/ethercat_interface/share/ethercat_interface/environment/path.dsv
[0.953s] -- Up-to-date: /home/zewy/ros2_ws/install/ethercat_interface/share/ethercat_interface/local_setup.bash
[0.953s] -- Up-to-date: /home/zewy/ros2_ws/install/ethercat_interface/share/ethercat_interface/local_setup.sh
[0.954s] -- Up-to-date: /home/zewy/ros2_ws/install/ethercat_interface/share/ethercat_interface/local_setup.zsh
[0.954s] -- Up-to-date: /home/zewy/ros2_ws/install/ethercat_interface/share/ethercat_interface/local_setup.dsv
[0.954s] -- Installing: /home/zewy/ros2_ws/install/ethercat_interface/share/ethercat_interface/package.dsv
[0.955s] -- Up-to-date: /home/zewy/ros2_ws/install/ethercat_interface/share/ament_index/resource_index/packages/ethercat_interface
[0.955s] -- Up-to-date: /home/zewy/ros2_ws/install/ethercat_interface/share/ethercat_interface/cmake/ament_cmake_export_include_directories-extras.cmake
[0.956s] -- Up-to-date: /home/zewy/ros2_ws/install/ethercat_interface/share/ethercat_interface/cmake/ament_cmake_export_libraries-extras.cmake
[0.958s] -- Up-to-date: /home/zewy/ros2_ws/install/ethercat_interface/share/ethercat_interface/cmake/ament_cmake_export_dependencies-extras.cmake
[0.959s] -- Up-to-date: /home/zewy/ros2_ws/install/ethercat_interface/share/ethercat_interface/cmake/ethercat_interfaceConfig.cmake
[0.960s] -- Up-to-date: /home/zewy/ros2_ws/install/ethercat_interface/share/ethercat_interface/cmake/ethercat_interfaceConfig-version.cmake
[0.961s] -- Up-to-date: /home/zewy/ros2_ws/install/ethercat_interface/share/ethercat_interface/package.xml
[0.962s] Invoked command in '/home/zewy/ros2_ws/build/ethercat_interface' returned '0': CMAKE_PREFIX_PATH=${CMAKE_PREFIX_PATH}:/home/zewy/ws_moveit2/install/moveit_configs_utils:/opt/ros/rolling DEBUGINFOD_URLS=https://debuginfod.ubuntu.com /usr/bin/cmake --install /home/zewy/ros2_ws/build/ethercat_interface
