[0.036s] Invoking command in '/home/zewy/ros2_ws/build/ethercat_interface': CMAKE_PREFIX_PATH=${CMAKE_PREFIX_PATH}:/home/zewy/ws_moveit2/install/moveit_configs_utils:/opt/ros/rolling DEBUGINFOD_URLS=https://debuginfod.ubuntu.com /usr/bin/cmake --build /home/zewy/ros2_ws/build/ethercat_interface -- -j12 -l12
[0.347s] [ 77%] Built target gmock_main
[0.347s] [ 77%] Built target gmock
[0.348s] [ 66%] Built target ethercat_interface
[0.348s] [100%] Built target test_ec_pdo_channel_manager
[0.351s] Invoked command in '/home/zewy/ros2_ws/build/ethercat_interface' returned '0': CMAKE_PREFIX_PATH=${CMAKE_PREFIX_PATH}:/home/zewy/ws_moveit2/install/moveit_configs_utils:/opt/ros/rolling DEBUGINFOD_URLS=https://debuginfod.ubuntu.com /usr/bin/cmake --build /home/zewy/ros2_ws/build/ethercat_interface -- -j12 -l12
[0.368s] Invoking command in '/home/zewy/ros2_ws/build/ethercat_interface': CMAKE_PREFIX_PATH=${CMAKE_PREFIX_PATH}:/home/zewy/ws_moveit2/install/moveit_configs_utils:/opt/ros/rolling DEBUGINFOD_URLS=https://debuginfod.ubuntu.com /usr/bin/cmake --install /home/zewy/ros2_ws/build/ethercat_interface
[0.385s] -- Install configuration: ""
[0.386s] -- Up-to-date: /home/zewy/ros2_ws/install/ethercat_interface/lib/libethercat_interface.so
[0.386s] -- Up-to-date: /home/zewy/ros2_ws/install/ethercat_interface/include
[0.386s] -- Up-to-date: /home/zewy/ros2_ws/install/ethercat_interface/include/ethercat_interface
[0.386s] -- Up-to-date: /home/zewy/ros2_ws/install/ethercat_interface/include/ethercat_interface/ec_slave.hpp
[0.386s] -- Up-to-date: /home/zewy/ros2_ws/install/ethercat_interface/include/ethercat_interface/ec_sync_manager.hpp
[0.386s] -- Up-to-date: /home/zewy/ros2_ws/install/ethercat_interface/include/ethercat_interface/ec_pdo_channel_manager.hpp
[0.387s] -- Up-to-date: /home/zewy/ros2_ws/install/ethercat_interface/include/ethercat_interface/ec_sdo_manager.hpp
[0.387s] -- Up-to-date: /home/zewy/ros2_ws/install/ethercat_interface/include/ethercat_interface/ec_master.hpp
[0.387s] -- Up-to-date: /home/zewy/ros2_ws/install/ethercat_interface/share/ethercat_interface/environment/library_path.sh
[0.387s] -- Up-to-date: /home/zewy/ros2_ws/install/ethercat_interface/share/ethercat_interface/environment/library_path.dsv
[0.387s] -- Up-to-date: /home/zewy/ros2_ws/install/ethercat_interface/share/ament_index/resource_index/package_run_dependencies/ethercat_interface
[0.387s] -- Up-to-date: /home/zewy/ros2_ws/install/ethercat_interface/share/ament_index/resource_index/parent_prefix_path/ethercat_interface
[0.388s] -- Up-to-date: /home/zewy/ros2_ws/install/ethercat_interface/share/ethercat_interface/environment/ament_prefix_path.sh
[0.388s] -- Up-to-date: /home/zewy/ros2_ws/install/ethercat_interface/share/ethercat_interface/environment/ament_prefix_path.dsv
[0.388s] -- Up-to-date: /home/zewy/ros2_ws/install/ethercat_interface/share/ethercat_interface/environment/path.sh
[0.388s] -- Up-to-date: /home/zewy/ros2_ws/install/ethercat_interface/share/ethercat_interface/environment/path.dsv
[0.388s] -- Up-to-date: /home/zewy/ros2_ws/install/ethercat_interface/share/ethercat_interface/local_setup.bash
[0.388s] -- Up-to-date: /home/zewy/ros2_ws/install/ethercat_interface/share/ethercat_interface/local_setup.sh
[0.388s] -- Up-to-date: /home/zewy/ros2_ws/install/ethercat_interface/share/ethercat_interface/local_setup.zsh
[0.388s] -- Up-to-date: /home/zewy/ros2_ws/install/ethercat_interface/share/ethercat_interface/local_setup.dsv
[0.388s] -- Installing: /home/zewy/ros2_ws/install/ethercat_interface/share/ethercat_interface/package.dsv
[0.388s] -- Up-to-date: /home/zewy/ros2_ws/install/ethercat_interface/share/ament_index/resource_index/packages/ethercat_interface
[0.389s] -- Up-to-date: /home/zewy/ros2_ws/install/ethercat_interface/share/ethercat_interface/cmake/ament_cmake_export_include_directories-extras.cmake
[0.389s] -- Up-to-date: /home/zewy/ros2_ws/install/ethercat_interface/share/ethercat_interface/cmake/ament_cmake_export_libraries-extras.cmake
[0.389s] -- Up-to-date: /home/zewy/ros2_ws/install/ethercat_interface/share/ethercat_interface/cmake/ament_cmake_export_dependencies-extras.cmake
[0.389s] -- Up-to-date: /home/zewy/ros2_ws/install/ethercat_interface/share/ethercat_interface/cmake/ethercat_interfaceConfig.cmake
[0.389s] -- Up-to-date: /home/zewy/ros2_ws/install/ethercat_interface/share/ethercat_interface/cmake/ethercat_interfaceConfig-version.cmake
[0.389s] -- Up-to-date: /home/zewy/ros2_ws/install/ethercat_interface/share/ethercat_interface/package.xml
[0.390s] Invoked command in '/home/zewy/ros2_ws/build/ethercat_interface' returned '0': CMAKE_PREFIX_PATH=${CMAKE_PREFIX_PATH}:/home/zewy/ws_moveit2/install/moveit_configs_utils:/opt/ros/rolling DEBUGINFOD_URLS=https://debuginfod.ubuntu.com /usr/bin/cmake --install /home/zewy/ros2_ws/build/ethercat_interface
