-- Install configuration: ""
-- Up-to-date: /home/zewy/ros2_ws/install/pl25488/lib/pl25488/gui_bridge.py
-- Up-to-date: /home/zewy/ros2_ws/install/pl25488/lib/pl25488/cartesian_gui.py
-- Up-to-date: /home/zewy/ros2_ws/install/pl25488/share/ament_index/resource_index/package_run_dependencies/pl25488
-- Up-to-date: /home/zewy/ros2_ws/install/pl25488/share/ament_index/resource_index/parent_prefix_path/pl25488
-- Up-to-date: /home/zewy/ros2_ws/install/pl25488/share/pl25488/environment/ament_prefix_path.sh
-- Up-to-date: /home/zewy/ros2_ws/install/pl25488/share/pl25488/environment/ament_prefix_path.dsv
-- Up-to-date: /home/zewy/ros2_ws/install/pl25488/share/pl25488/environment/path.sh
-- Up-to-date: /home/zewy/ros2_ws/install/pl25488/share/pl25488/environment/path.dsv
-- Up-to-date: /home/zewy/ros2_ws/install/pl25488/share/pl25488/local_setup.bash
-- Up-to-date: /home/zewy/ros2_ws/install/pl25488/share/pl25488/local_setup.sh
-- Up-to-date: /home/zewy/ros2_ws/install/pl25488/share/pl25488/local_setup.zsh
-- Up-to-date: /home/zewy/ros2_ws/install/pl25488/share/pl25488/local_setup.dsv
-- Installing: /home/zewy/ros2_ws/install/pl25488/share/pl25488/package.dsv
-- Up-to-date: /home/zewy/ros2_ws/install/pl25488/share/ament_index/resource_index/packages/pl25488
-- Up-to-date: /home/zewy/ros2_ws/install/pl25488/share/pl25488/cmake/pl25488Config.cmake
-- Up-to-date: /home/zewy/ros2_ws/install/pl25488/share/pl25488/cmake/pl25488Config-version.cmake
-- Up-to-date: /home/zewy/ros2_ws/install/pl25488/share/pl25488/package.xml
-- Up-to-date: /home/zewy/ros2_ws/install/pl25488/share/pl25488/launch
-- Up-to-date: /home/zewy/ros2_ws/install/pl25488/share/pl25488/launch/warehouse_db.launch.py
-- Up-to-date: /home/zewy/ros2_ws/install/pl25488/share/pl25488/launch/demo.launch.py
-- Up-to-date: /home/zewy/ros2_ws/install/pl25488/share/pl25488/launch/setup_assistant.launch.py
-- Up-to-date: /home/zewy/ros2_ws/install/pl25488/share/pl25488/launch/rsp.launch.py
-- Up-to-date: /home/zewy/ros2_ws/install/pl25488/share/pl25488/launch/moveit_rviz.launch.py
-- Up-to-date: /home/zewy/ros2_ws/install/pl25488/share/pl25488/launch/move_group.launch.py
-- Up-to-date: /home/zewy/ros2_ws/install/pl25488/share/pl25488/launch/cpu_isolation.launch.py
-- Up-to-date: /home/zewy/ros2_ws/install/pl25488/share/pl25488/launch/static_virtual_joint_tfs.launch.py
-- Up-to-date: /home/zewy/ros2_ws/install/pl25488/share/pl25488/launch/spawn_controllers.launch.py
-- Up-to-date: /home/zewy/ros2_ws/install/pl25488/share/pl25488/launch/test.launch.py
-- Up-to-date: /home/zewy/ros2_ws/install/pl25488/share/pl25488/config
-- Up-to-date: /home/zewy/ros2_ws/install/pl25488/share/pl25488/config/zeroErr1.yaml
-- Up-to-date: /home/zewy/ros2_ws/install/pl25488/share/pl25488/config/move_group.yaml
-- Up-to-date: /home/zewy/ros2_ws/install/pl25488/share/pl25488/config/eRobo3.srdf
-- Up-to-date: /home/zewy/ros2_ws/install/pl25488/share/pl25488/config/moveit.rviz
-- Up-to-date: /home/zewy/ros2_ws/install/pl25488/share/pl25488/config/zeroErr.yaml
-- Up-to-date: /home/zewy/ros2_ws/install/pl25488/share/pl25488/config/erob_arm.urdf
-- Up-to-date: /home/zewy/ros2_ws/install/pl25488/share/pl25488/config/gui_bridge_params.yaml
-- Up-to-date: /home/zewy/ros2_ws/install/pl25488/share/pl25488/config/eRobo3.urdf.xacro
-- Up-to-date: /home/zewy/ros2_ws/install/pl25488/share/pl25488/config/kinematics.yaml
-- Up-to-date: /home/zewy/ros2_ws/install/pl25488/share/pl25488/config/eRobo3.ros2_control.xacro
-- Up-to-date: /home/zewy/ros2_ws/install/pl25488/share/pl25488/config/moveit_controllers.yaml
-- Up-to-date: /home/zewy/ros2_ws/install/pl25488/share/pl25488/config/joint_limits.yaml
-- Installing: /home/zewy/ros2_ws/install/pl25488/share/pl25488/config/ros2_controllers.yaml
-- Up-to-date: /home/zewy/ros2_ws/install/pl25488/share/pl25488/config/pilz_cartesian_limits.yaml
-- Up-to-date: /home/zewy/ros2_ws/install/pl25488/share/pl25488/config/initial_positions.yaml
-- Up-to-date: /home/zewy/ros2_ws/install/pl25488/share/pl25488/.setup_assistant
