-- The C compiler identification is GNU 13.3.0
-- The CXX compiler identification is GNU 13.3.0
-- Detecting C compiler ABI info
-- Detecting C compiler ABI info - done
-- Check for working C compiler: /usr/bin/cc - skipped
-- Detecting C compile features
-- Detecting C compile features - done
-- Detecting CXX compiler ABI info
-- Detecting CXX compiler ABI info - done
-- Check for working CXX compiler: /usr/bin/c++ - skipped
-- Detecting CXX compile features
-- Detecting CXX compile features - done
-- Found ament_cmake: 2.8.4 (/opt/ros/rolling/share/ament_cmake/cmake)
-- Found Python3: /usr/bin/python3 (found version "3.12.3") found components: Interpreter 
-- Found ament_cmake_ros: 0.15.2 (/opt/ros/rolling/share/ament_cmake_ros/cmake)
-- Found rclcpp: 30.1.1 (/opt/ros/rolling/share/rclcpp/cmake)
-- Found rosidl_generator_c: 5.1.0 (/opt/ros/rolling/share/rosidl_generator_c/cmake)
-- Found rosidl_generator_cpp: 5.1.0 (/opt/ros/rolling/share/rosidl_generator_cpp/cmake)
-- Using all available rosidl_typesupport_c: rosidl_typesupport_fastrtps_c;rosidl_typesupport_introspection_c
-- Using all available rosidl_typesupport_cpp: rosidl_typesupport_fastrtps_cpp;rosidl_typesupport_introspection_cpp
-- Found rmw_implementation_cmake: 7.9.0 (/opt/ros/rolling/share/rmw_implementation_cmake/cmake)
-- Found rmw_fastrtps_cpp: 9.4.3 (/opt/ros/rolling/share/rmw_fastrtps_cpp/cmake)
-- Found OpenSSL: /usr/lib/x86_64-linux-gnu/libcrypto.so (found version "3.0.13")  
-- Using RMW implementation 'rmw_fastrtps_cpp' as default
-- Found yaml_cpp_vendor: 9.2.0 (/opt/ros/rolling/share/yaml_cpp_vendor/cmake)
-- Setting yaml-cpp_DIR to: '/opt/ros/rolling/share/yaml_cpp_vendor/cmake/../../../opt/yaml_cpp_vendor/share/cmake/yaml-cpp'
-- Found ament_lint_auto: 0.20.2 (/opt/ros/rolling/share/ament_lint_auto/cmake)
-- Found gmock sources under '/opt/ros/rolling/src/gmock_vendor': C++ tests using 'Google Mock' will be built
-- Found gtest sources under '/opt/ros/rolling/src/gtest_vendor': C++ tests using 'Google Test' will be built
-- Added test 'copyright' to check source files copyright and LICENSE
-- Added test 'cppcheck' to perform static code analysis on C / C++ code
-- Configured cppcheck include dirs: /home/zewy/ros2_ws/src/ethercat_driver_ros2/ethercat_driver_ros2/ethercat_interface/include
-- Configured cppcheck exclude dirs and/or files: 
-- Added test 'cpplint' to check C / C++ code against the Google style
-- Configured cpplint exclude dirs and/or files: 
-- Added test 'lint_cmake' to check CMake code style
-- Added test 'uncrustify' to check C / C++ code style
-- Configured uncrustify additional arguments: 
-- Added test 'xmllint' to check XML markup files
-- Configuring done (3.3s)
-- Generating done (0.0s)
-- Build files have been written to: /home/zewy/ros2_ws/build/ethercat_interface
[ 33%] [32mBuilding CXX object gmock/CMakeFiles/gmock.dir/opt/ros/rolling/src/gtest_vendor/src/gtest-all.cc.o[0m
[ 33%] [32mBuilding CXX object CMakeFiles/ethercat_interface.dir/src/ec_master.cpp.o[0m
[ 33%] [32mBuilding CXX object gmock/CMakeFiles/gmock_main.dir/src/gmock_main.cc.o[0m
[ 44%] [32mBuilding CXX object gmock/CMakeFiles/gmock.dir/src/gmock-all.cc.o[0m
[ 55%] [32m[1mLinking CXX static library libgmock_main.a[0m
[ 55%] Built target gmock_main
[ 66%] [32m[1mLinking CXX shared library libethercat_interface.so[0m
[ 66%] Built target ethercat_interface
[ 77%] [32m[1mLinking CXX static library libgmock.a[0m
[ 77%] Built target gmock
[ 88%] [32mBuilding CXX object CMakeFiles/test_ec_pdo_channel_manager.dir/test/test_ec_pdo_channel_manager.cpp.o[0m
[100%] [32m[1mLinking CXX executable test_ec_pdo_channel_manager[0m
[100%] Built target test_ec_pdo_channel_manager
-- Install configuration: ""
-- Installing: /home/zewy/ros2_ws/install/ethercat_interface/lib/libethercat_interface.so
-- Set non-toolchain portion of runtime path of "/home/zewy/ros2_ws/install/ethercat_interface/lib/libethercat_interface.so" to "/usr/local/etherlab/lib:/opt/ros/rolling/lib"
-- Installing: /home/zewy/ros2_ws/install/ethercat_interface/include
-- Installing: /home/zewy/ros2_ws/install/ethercat_interface/include/ethercat_interface
-- Installing: /home/zewy/ros2_ws/install/ethercat_interface/include/ethercat_interface/ec_slave.hpp
-- Installing: /home/zewy/ros2_ws/install/ethercat_interface/include/ethercat_interface/ec_sync_manager.hpp
-- Installing: /home/zewy/ros2_ws/install/ethercat_interface/include/ethercat_interface/ec_pdo_channel_manager.hpp
-- Installing: /home/zewy/ros2_ws/install/ethercat_interface/include/ethercat_interface/ec_sdo_manager.hpp
-- Installing: /home/zewy/ros2_ws/install/ethercat_interface/include/ethercat_interface/ec_master.hpp
-- Installing: /home/zewy/ros2_ws/install/ethercat_interface/share/ethercat_interface/environment/library_path.sh
-- Installing: /home/zewy/ros2_ws/install/ethercat_interface/share/ethercat_interface/environment/library_path.dsv
-- Installing: /home/zewy/ros2_ws/install/ethercat_interface/share/ament_index/resource_index/package_run_dependencies/ethercat_interface
-- Installing: /home/zewy/ros2_ws/install/ethercat_interface/share/ament_index/resource_index/parent_prefix_path/ethercat_interface
-- Installing: /home/zewy/ros2_ws/install/ethercat_interface/share/ethercat_interface/environment/ament_prefix_path.sh
-- Installing: /home/zewy/ros2_ws/install/ethercat_interface/share/ethercat_interface/environment/ament_prefix_path.dsv
-- Installing: /home/zewy/ros2_ws/install/ethercat_interface/share/ethercat_interface/environment/path.sh
-- Installing: /home/zewy/ros2_ws/install/ethercat_interface/share/ethercat_interface/environment/path.dsv
-- Installing: /home/zewy/ros2_ws/install/ethercat_interface/share/ethercat_interface/local_setup.bash
-- Installing: /home/zewy/ros2_ws/install/ethercat_interface/share/ethercat_interface/local_setup.sh
-- Installing: /home/zewy/ros2_ws/install/ethercat_interface/share/ethercat_interface/local_setup.zsh
-- Installing: /home/zewy/ros2_ws/install/ethercat_interface/share/ethercat_interface/local_setup.dsv
-- Installing: /home/zewy/ros2_ws/install/ethercat_interface/share/ethercat_interface/package.dsv
-- Installing: /home/zewy/ros2_ws/install/ethercat_interface/share/ament_index/resource_index/packages/ethercat_interface
-- Installing: /home/zewy/ros2_ws/install/ethercat_interface/share/ethercat_interface/cmake/ament_cmake_export_include_directories-extras.cmake
-- Installing: /home/zewy/ros2_ws/install/ethercat_interface/share/ethercat_interface/cmake/ament_cmake_export_libraries-extras.cmake
-- Installing: /home/zewy/ros2_ws/install/ethercat_interface/share/ethercat_interface/cmake/ament_cmake_export_dependencies-extras.cmake
-- Installing: /home/zewy/ros2_ws/install/ethercat_interface/share/ethercat_interface/cmake/ethercat_interfaceConfig.cmake
-- Installing: /home/zewy/ros2_ws/install/ethercat_interface/share/ethercat_interface/cmake/ethercat_interfaceConfig-version.cmake
-- Installing: /home/zewy/ros2_ws/install/ethercat_interface/share/ethercat_interface/package.xml
