running egg_info
creating ../../../../build/erob_arm/erob_arm.egg-info
writing ../../../../build/erob_arm/erob_arm.egg-info/PKG-INFO
writing dependency_links to ../../../../build/erob_arm/erob_arm.egg-info/dependency_links.txt
writing requirements to ../../../../build/erob_arm/erob_arm.egg-info/requires.txt
writing top-level names to ../../../../build/erob_arm/erob_arm.egg-info/top_level.txt
writing manifest file '../../../../build/erob_arm/erob_arm.egg-info/SOURCES.txt'
reading manifest file '../../../../build/erob_arm/erob_arm.egg-info/SOURCES.txt'
writing manifest file '../../../../build/erob_arm/erob_arm.egg-info/SOURCES.txt'
running build
running build_py
creating /home/zewy/ros2_ws/build/erob_arm/build
creating /home/zewy/ros2_ws/build/erob_arm/build/lib
creating /home/zewy/ros2_ws/build/erob_arm/build/lib/erob_arm
copying erob_arm/__init__.py -> /home/zewy/ros2_ws/build/erob_arm/build/lib/erob_arm
running install
running install_lib
creating /home/zewy/ros2_ws/install/erob_arm/lib/python3.12/site-packages/erob_arm
copying /home/zewy/ros2_ws/build/erob_arm/build/lib/erob_arm/__init__.py -> /home/zewy/ros2_ws/install/erob_arm/lib/python3.12/site-packages/erob_arm
byte-compiling /home/zewy/ros2_ws/install/erob_arm/lib/python3.12/site-packages/erob_arm/__init__.py to __init__.cpython-312.pyc
running install_data
creating /home/zewy/ros2_ws/install/erob_arm/share/ament_index
creating /home/zewy/ros2_ws/install/erob_arm/share/ament_index/resource_index
creating /home/zewy/ros2_ws/install/erob_arm/share/ament_index/resource_index/packages
copying resource/erob_arm -> /home/zewy/ros2_ws/install/erob_arm/share/ament_index/resource_index/packages
copying package.xml -> /home/zewy/ros2_ws/install/erob_arm/share/erob_arm
creating /home/zewy/ros2_ws/install/erob_arm/share/erob_arm/launch
copying launch/display.launch.py -> /home/zewy/ros2_ws/install/erob_arm/share/erob_arm/launch
creating /home/zewy/ros2_ws/install/erob_arm/share/erob_arm/urdf
copying urdf/erob.urdf -> /home/zewy/ros2_ws/install/erob_arm/share/erob_arm/urdf
copying urdf/erob_arm.urdf -> /home/zewy/ros2_ws/install/erob_arm/share/erob_arm/urdf
copying urdf/erob2_motor.urdf -> /home/zewy/ros2_ws/install/erob_arm/share/erob_arm/urdf
copying urdf/erob_arm.urdf.xacro -> /home/zewy/ros2_ws/install/erob_arm/share/erob_arm/urdf
copying urdf/erob_arm2.urdf -> /home/zewy/ros2_ws/install/erob_arm/share/erob_arm/urdf
creating /home/zewy/ros2_ws/install/erob_arm/share/erob_arm/meshes
copying meshes/Link_2.dae -> /home/zewy/ros2_ws/install/erob_arm/share/erob_arm/meshes
copying meshes/Link_4.stl -> /home/zewy/ros2_ws/install/erob_arm/share/erob_arm/meshes
copying meshes/Link_2.stl -> /home/zewy/ros2_ws/install/erob_arm/share/erob_arm/meshes
copying meshes/finger.stl -> /home/zewy/ros2_ws/install/erob_arm/share/erob_arm/meshes
copying meshes/base_link.stl -> /home/zewy/ros2_ws/install/erob_arm/share/erob_arm/meshes
copying meshes/Link_1.dae -> /home/zewy/ros2_ws/install/erob_arm/share/erob_arm/meshes
copying meshes/hand.stl -> /home/zewy/ros2_ws/install/erob_arm/share/erob_arm/meshes
copying meshes/Link_6.stl -> /home/zewy/ros2_ws/install/erob_arm/share/erob_arm/meshes
copying meshes/Link_3.stl -> /home/zewy/ros2_ws/install/erob_arm/share/erob_arm/meshes
copying meshes/Link_3.dae -> /home/zewy/ros2_ws/install/erob_arm/share/erob_arm/meshes
copying meshes/Link_5.stl -> /home/zewy/ros2_ws/install/erob_arm/share/erob_arm/meshes
copying meshes/Link_4.dae -> /home/zewy/ros2_ws/install/erob_arm/share/erob_arm/meshes
copying meshes/hand.dae -> /home/zewy/ros2_ws/install/erob_arm/share/erob_arm/meshes
copying meshes/finger.dae -> /home/zewy/ros2_ws/install/erob_arm/share/erob_arm/meshes
copying meshes/Link_1.stl -> /home/zewy/ros2_ws/install/erob_arm/share/erob_arm/meshes
copying meshes/Link_6.dae -> /home/zewy/ros2_ws/install/erob_arm/share/erob_arm/meshes
copying meshes/base_link.dae -> /home/zewy/ros2_ws/install/erob_arm/share/erob_arm/meshes
copying meshes/Link_5.dae -> /home/zewy/ros2_ws/install/erob_arm/share/erob_arm/meshes
running install_egg_info
Copying ../../../../build/erob_arm/erob_arm.egg-info to /home/zewy/ros2_ws/install/erob_arm/lib/python3.12/site-packages/erob_arm-0.0.0-py3.12.egg-info
running install_scripts
writing list of installed files to '/home/zewy/ros2_ws/build/erob_arm/install.log'
