[1.700s] Invoking command in '/home/zewy/ros2_ws/eRob_moveit/src/eRob_ROS2_MoveIt/erob_arm': DEBUGINFOD_URLS=https://debuginfod.ubuntu.com PYTHONPATH=/home/zewy/ros2_ws/build/erob_arm/prefix_override:/usr/lib/python3/dist-packages/colcon_core/task/python/colcon_distutils_commands:/home/zewy/ros2_ws/install/erob_arm/lib/python3.12/site-packages:${PYTHONPATH} /usr/bin/python3 -W ignore:setup.py install is deprecated -W ignore:easy_install command is deprecated setup.py egg_info --egg-base ../../../../build/erob_arm build --build-base /home/zewy/ros2_ws/build/erob_arm/build install --record /home/zewy/ros2_ws/build/erob_arm/install.log --single-version-externally-managed install_data
[2.393s] running egg_info
[2.394s] creating ../../../../build/erob_arm/erob_arm.egg-info
[2.439s] writing ../../../../build/erob_arm/erob_arm.egg-info/PKG-INFO
[2.439s] writing dependency_links to ../../../../build/erob_arm/erob_arm.egg-info/dependency_links.txt
[2.439s] writing requirements to ../../../../build/erob_arm/erob_arm.egg-info/requires.txt
[2.440s] writing top-level names to ../../../../build/erob_arm/erob_arm.egg-info/top_level.txt
[2.440s] writing manifest file '../../../../build/erob_arm/erob_arm.egg-info/SOURCES.txt'
[2.544s] reading manifest file '../../../../build/erob_arm/erob_arm.egg-info/SOURCES.txt'
[2.545s] writing manifest file '../../../../build/erob_arm/erob_arm.egg-info/SOURCES.txt'
[2.545s] running build
[2.545s] running build_py
[2.545s] creating /home/zewy/ros2_ws/build/erob_arm/build
[2.546s] creating /home/zewy/ros2_ws/build/erob_arm/build/lib
[2.546s] creating /home/zewy/ros2_ws/build/erob_arm/build/lib/erob_arm
[2.546s] copying erob_arm/__init__.py -> /home/zewy/ros2_ws/build/erob_arm/build/lib/erob_arm
[2.546s] running install
[2.552s] running install_lib
[2.589s] creating /home/zewy/ros2_ws/install/erob_arm/lib/python3.12/site-packages/erob_arm
[2.589s] copying /home/zewy/ros2_ws/build/erob_arm/build/lib/erob_arm/__init__.py -> /home/zewy/ros2_ws/install/erob_arm/lib/python3.12/site-packages/erob_arm
[2.590s] byte-compiling /home/zewy/ros2_ws/install/erob_arm/lib/python3.12/site-packages/erob_arm/__init__.py to __init__.cpython-312.pyc
[2.590s] running install_data
[2.590s] creating /home/zewy/ros2_ws/install/erob_arm/share/ament_index
[2.590s] creating /home/zewy/ros2_ws/install/erob_arm/share/ament_index/resource_index
[2.590s] creating /home/zewy/ros2_ws/install/erob_arm/share/ament_index/resource_index/packages
[2.591s] copying resource/erob_arm -> /home/zewy/ros2_ws/install/erob_arm/share/ament_index/resource_index/packages
[2.591s] copying package.xml -> /home/zewy/ros2_ws/install/erob_arm/share/erob_arm
[2.591s] creating /home/zewy/ros2_ws/install/erob_arm/share/erob_arm/launch
[2.592s] copying launch/display.launch.py -> /home/zewy/ros2_ws/install/erob_arm/share/erob_arm/launch
[2.592s] creating /home/zewy/ros2_ws/install/erob_arm/share/erob_arm/urdf
[2.592s] copying urdf/erob.urdf -> /home/zewy/ros2_ws/install/erob_arm/share/erob_arm/urdf
[2.592s] copying urdf/erob_arm.urdf -> /home/zewy/ros2_ws/install/erob_arm/share/erob_arm/urdf
[2.592s] copying urdf/erob2_motor.urdf -> /home/zewy/ros2_ws/install/erob_arm/share/erob_arm/urdf
[2.592s] copying urdf/erob_arm.urdf.xacro -> /home/zewy/ros2_ws/install/erob_arm/share/erob_arm/urdf
[2.592s] copying urdf/erob_arm2.urdf -> /home/zewy/ros2_ws/install/erob_arm/share/erob_arm/urdf
[2.593s] creating /home/zewy/ros2_ws/install/erob_arm/share/erob_arm/meshes
[2.593s] copying meshes/Link_2.dae -> /home/zewy/ros2_ws/install/erob_arm/share/erob_arm/meshes
[2.598s] copying meshes/Link_4.stl -> /home/zewy/ros2_ws/install/erob_arm/share/erob_arm/meshes
[2.600s] copying meshes/Link_2.stl -> /home/zewy/ros2_ws/install/erob_arm/share/erob_arm/meshes
[2.604s] copying meshes/finger.stl -> /home/zewy/ros2_ws/install/erob_arm/share/erob_arm/meshes
[2.604s] copying meshes/base_link.stl -> /home/zewy/ros2_ws/install/erob_arm/share/erob_arm/meshes
[2.605s] copying meshes/Link_1.dae -> /home/zewy/ros2_ws/install/erob_arm/share/erob_arm/meshes
[2.608s] copying meshes/hand.stl -> /home/zewy/ros2_ws/install/erob_arm/share/erob_arm/meshes
[2.608s] copying meshes/Link_6.stl -> /home/zewy/ros2_ws/install/erob_arm/share/erob_arm/meshes
[2.609s] copying meshes/Link_3.stl -> /home/zewy/ros2_ws/install/erob_arm/share/erob_arm/meshes
[2.613s] copying meshes/Link_3.dae -> /home/zewy/ros2_ws/install/erob_arm/share/erob_arm/meshes
[2.618s] copying meshes/Link_5.stl -> /home/zewy/ros2_ws/install/erob_arm/share/erob_arm/meshes
[2.620s] copying meshes/Link_4.dae -> /home/zewy/ros2_ws/install/erob_arm/share/erob_arm/meshes
[2.624s] copying meshes/hand.dae -> /home/zewy/ros2_ws/install/erob_arm/share/erob_arm/meshes
[2.625s] copying meshes/finger.dae -> /home/zewy/ros2_ws/install/erob_arm/share/erob_arm/meshes
[2.625s] copying meshes/Link_1.stl -> /home/zewy/ros2_ws/install/erob_arm/share/erob_arm/meshes
[2.627s] copying meshes/Link_6.dae -> /home/zewy/ros2_ws/install/erob_arm/share/erob_arm/meshes
[2.629s] copying meshes/base_link.dae -> /home/zewy/ros2_ws/install/erob_arm/share/erob_arm/meshes
[2.630s] copying meshes/Link_5.dae -> /home/zewy/ros2_ws/install/erob_arm/share/erob_arm/meshes
[2.633s] running install_egg_info
[2.675s] Copying ../../../../build/erob_arm/erob_arm.egg-info to /home/zewy/ros2_ws/install/erob_arm/lib/python3.12/site-packages/erob_arm-0.0.0-py3.12.egg-info
[2.676s] running install_scripts
[2.911s] writing list of installed files to '/home/zewy/ros2_ws/build/erob_arm/install.log'
[2.939s] Invoked command in '/home/zewy/ros2_ws/eRob_moveit/src/eRob_ROS2_MoveIt/erob_arm' returned '0': DEBUGINFOD_URLS=https://debuginfod.ubuntu.com PYTHONPATH=/home/zewy/ros2_ws/build/erob_arm/prefix_override:/usr/lib/python3/dist-packages/colcon_core/task/python/colcon_distutils_commands:/home/zewy/ros2_ws/install/erob_arm/lib/python3.12/site-packages:${PYTHONPATH} /usr/bin/python3 -W ignore:setup.py install is deprecated -W ignore:easy_install command is deprecated setup.py egg_info --egg-base ../../../../build/erob_arm build --build-base /home/zewy/ros2_ws/build/erob_arm/build install --record /home/zewy/ros2_ws/build/erob_arm/install.log --single-version-externally-managed install_data
