[0.302s] Invoking command in '/home/zewy/ros2_ws/build/ethercat_msgs': CMAKE_PREFIX_PATH=${CMAKE_PREFIX_PATH}:/home/zewy/ws_moveit2/install/moveit_configs_utils:/opt/ros/rolling DEBUGINFOD_URLS=https://debuginfod.ubuntu.com /usr/bin/cmake --build /home/zewy/ros2_ws/build/ethercat_msgs -- -j12 -l12
[0.398s] [  2%] Built target ethercat_msgs__rs
[0.399s] [  4%] Built target ethercat_msgs__rosidl_generator_type_description
[0.420s] [  4%] Built target ament_cmake_python_copy_ethercat_msgs
[0.443s] [  6%] Built target ethercat_msgs__cpp
[0.447s] [ 24%] Built target ethercat_msgs__rosidl_generator_c
[0.512s] [ 33%] Built target ethercat_msgs__rosidl_typesupport_c
[0.514s] [ 42%] Built target ethercat_msgs__rosidl_typesupport_introspection_c
[0.515s] [ 51%] Built target ethercat_msgs__rosidl_typesupport_fastrtps_c
[0.516s] [ 60%] Built target ethercat_msgs__rosidl_typesupport_fastrtps_cpp
[0.517s] [ 77%] Built target ethercat_msgs__rosidl_typesupport_cpp
[0.517s] [ 77%] Built target ethercat_msgs__rosidl_typesupport_introspection_cpp
[0.563s] [ 77%] Built target ethercat_msgs
[0.609s] [ 80%] Built target ethercat_msgs__py
[0.656s] [ 86%] Built target ethercat_msgs__rosidl_generator_py
[0.707s] [ 91%] Built target ethercat_msgs_s__rosidl_typesupport_introspection_c
[0.708s] [ 95%] Built target ethercat_msgs_s__rosidl_typesupport_fastrtps_c
[0.710s] [100%] Built target ethercat_msgs_s__rosidl_typesupport_c
[0.785s] running egg_info
[0.824s] writing ethercat_msgs.egg-info/PKG-INFO
[0.824s] writing dependency_links to ethercat_msgs.egg-info/dependency_links.txt
[0.824s] writing top-level names to ethercat_msgs.egg-info/top_level.txt
[0.918s] reading manifest file 'ethercat_msgs.egg-info/SOURCES.txt'
[0.918s] writing manifest file 'ethercat_msgs.egg-info/SOURCES.txt'
[0.951s] [100%] Built target ament_cmake_python_build_ethercat_msgs_egg
[0.973s] Invoked command in '/home/zewy/ros2_ws/build/ethercat_msgs' returned '0': CMAKE_PREFIX_PATH=${CMAKE_PREFIX_PATH}:/home/zewy/ws_moveit2/install/moveit_configs_utils:/opt/ros/rolling DEBUGINFOD_URLS=https://debuginfod.ubuntu.com /usr/bin/cmake --build /home/zewy/ros2_ws/build/ethercat_msgs -- -j12 -l12
[0.973s] Invoking command in '/home/zewy/ros2_ws/build/ethercat_msgs': CMAKE_PREFIX_PATH=${CMAKE_PREFIX_PATH}:/home/zewy/ws_moveit2/install/moveit_configs_utils:/opt/ros/rolling DEBUGINFOD_URLS=https://debuginfod.ubuntu.com /usr/bin/cmake --install /home/zewy/ros2_ws/build/ethercat_msgs
[0.989s] -- Install configuration: ""
[0.989s] -- Up-to-date: /home/zewy/ros2_ws/install/ethercat_msgs/share/ament_index/resource_index/rosidl_interfaces/ethercat_msgs
[0.989s] -- Up-to-date: /home/zewy/ros2_ws/install/ethercat_msgs/share/ethercat_msgs/srv/SetSdo.json
[0.989s] -- Up-to-date: /home/zewy/ros2_ws/install/ethercat_msgs/share/ethercat_msgs/srv/GetSdo.json
[0.989s] -- Up-to-date: /home/zewy/ros2_ws/install/ethercat_msgs/include/ethercat_msgs/ethercat_msgs
[0.989s] -- Up-to-date: /home/zewy/ros2_ws/install/ethercat_msgs/include/ethercat_msgs/ethercat_msgs/msg
[0.990s] -- Up-to-date: /home/zewy/ros2_ws/install/ethercat_msgs/include/ethercat_msgs/ethercat_msgs/msg/rosidl_generator_c__visibility_control.h
[0.990s] -- Up-to-date: /home/zewy/ros2_ws/install/ethercat_msgs/include/ethercat_msgs/ethercat_msgs/srv
[0.990s] -- Up-to-date: /home/zewy/ros2_ws/install/ethercat_msgs/include/ethercat_msgs/ethercat_msgs/srv/set_sdo.h
[0.990s] -- Up-to-date: /home/zewy/ros2_ws/install/ethercat_msgs/include/ethercat_msgs/ethercat_msgs/srv/get_sdo.h
[0.990s] -- Up-to-date: /home/zewy/ros2_ws/install/ethercat_msgs/include/ethercat_msgs/ethercat_msgs/srv/detail
[0.990s] -- Up-to-date: /home/zewy/ros2_ws/install/ethercat_msgs/include/ethercat_msgs/ethercat_msgs/srv/detail/set_sdo__description.c
[0.990s] -- Up-to-date: /home/zewy/ros2_ws/install/ethercat_msgs/include/ethercat_msgs/ethercat_msgs/srv/detail/get_sdo__type_support.h
[0.991s] -- Up-to-date: /home/zewy/ros2_ws/install/ethercat_msgs/include/ethercat_msgs/ethercat_msgs/srv/detail/get_sdo__functions.c
[0.991s] -- Up-to-date: /home/zewy/ros2_ws/install/ethercat_msgs/include/ethercat_msgs/ethercat_msgs/srv/detail/get_sdo__description.c
[0.991s] -- Up-to-date: /home/zewy/ros2_ws/install/ethercat_msgs/include/ethercat_msgs/ethercat_msgs/srv/detail/set_sdo__type_support.h
[0.991s] -- Up-to-date: /home/zewy/ros2_ws/install/ethercat_msgs/include/ethercat_msgs/ethercat_msgs/srv/detail/set_sdo__struct.h
[0.991s] -- Up-to-date: /home/zewy/ros2_ws/install/ethercat_msgs/include/ethercat_msgs/ethercat_msgs/srv/detail/set_sdo__functions.c
[0.991s] -- Up-to-date: /home/zewy/ros2_ws/install/ethercat_msgs/include/ethercat_msgs/ethercat_msgs/srv/detail/get_sdo__type_support.c
[0.991s] -- Up-to-date: /home/zewy/ros2_ws/install/ethercat_msgs/include/ethercat_msgs/ethercat_msgs/srv/detail/get_sdo__struct.h
[0.992s] -- Up-to-date: /home/zewy/ros2_ws/install/ethercat_msgs/include/ethercat_msgs/ethercat_msgs/srv/detail/set_sdo__functions.h
[0.992s] -- Up-to-date: /home/zewy/ros2_ws/install/ethercat_msgs/include/ethercat_msgs/ethercat_msgs/srv/detail/get_sdo__functions.h
[0.992s] -- Up-to-date: /home/zewy/ros2_ws/install/ethercat_msgs/include/ethercat_msgs/ethercat_msgs/srv/detail/set_sdo__type_support.c
[0.992s] -- Up-to-date: /home/zewy/ros2_ws/install/ethercat_msgs/share/ethercat_msgs/environment/library_path.sh
[0.992s] -- Up-to-date: /home/zewy/ros2_ws/install/ethercat_msgs/share/ethercat_msgs/environment/library_path.dsv
[0.992s] -- Up-to-date: /home/zewy/ros2_ws/install/ethercat_msgs/lib/libethercat_msgs__rosidl_generator_c.so
[0.992s] -- Up-to-date: /home/zewy/ros2_ws/install/ethercat_msgs/include/ethercat_msgs/ethercat_msgs
[0.992s] -- Up-to-date: /home/zewy/ros2_ws/install/ethercat_msgs/include/ethercat_msgs/ethercat_msgs/msg
[0.993s] -- Up-to-date: /home/zewy/ros2_ws/install/ethercat_msgs/include/ethercat_msgs/ethercat_msgs/msg/rosidl_typesupport_fastrtps_c__visibility_control.h
[0.993s] -- Up-to-date: /home/zewy/ros2_ws/install/ethercat_msgs/include/ethercat_msgs/ethercat_msgs/srv
[0.993s] -- Up-to-date: /home/zewy/ros2_ws/install/ethercat_msgs/include/ethercat_msgs/ethercat_msgs/srv/detail
[0.993s] -- Up-to-date: /home/zewy/ros2_ws/install/ethercat_msgs/include/ethercat_msgs/ethercat_msgs/srv/detail/set_sdo__rosidl_typesupport_fastrtps_c.h
[0.993s] -- Up-to-date: /home/zewy/ros2_ws/install/ethercat_msgs/include/ethercat_msgs/ethercat_msgs/srv/detail/get_sdo__rosidl_typesupport_fastrtps_c.h
[0.993s] -- Up-to-date: /home/zewy/ros2_ws/install/ethercat_msgs/lib/libethercat_msgs__rosidl_typesupport_fastrtps_c.so
[0.993s] -- Up-to-date: /home/zewy/ros2_ws/install/ethercat_msgs/include/ethercat_msgs/ethercat_msgs
[0.993s] -- Up-to-date: /home/zewy/ros2_ws/install/ethercat_msgs/include/ethercat_msgs/ethercat_msgs/msg
[0.994s] -- Up-to-date: /home/zewy/ros2_ws/install/ethercat_msgs/include/ethercat_msgs/ethercat_msgs/msg/rosidl_typesupport_introspection_c__visibility_control.h
[0.994s] -- Up-to-date: /home/zewy/ros2_ws/install/ethercat_msgs/include/ethercat_msgs/ethercat_msgs/srv
[0.994s] -- Up-to-date: /home/zewy/ros2_ws/install/ethercat_msgs/include/ethercat_msgs/ethercat_msgs/srv/detail
[0.994s] -- Up-to-date: /home/zewy/ros2_ws/install/ethercat_msgs/include/ethercat_msgs/ethercat_msgs/srv/detail/set_sdo__rosidl_typesupport_introspection_c.h
[0.994s] -- Up-to-date: /home/zewy/ros2_ws/install/ethercat_msgs/include/ethercat_msgs/ethercat_msgs/srv/detail/get_sdo__type_support.c
[0.994s] -- Up-to-date: /home/zewy/ros2_ws/install/ethercat_msgs/include/ethercat_msgs/ethercat_msgs/srv/detail/get_sdo__rosidl_typesupport_introspection_c.h
[0.994s] -- Up-to-date: /home/zewy/ros2_ws/install/ethercat_msgs/include/ethercat_msgs/ethercat_msgs/srv/detail/set_sdo__type_support.c
[0.995s] -- Up-to-date: /home/zewy/ros2_ws/install/ethercat_msgs/lib/libethercat_msgs__rosidl_typesupport_introspection_c.so
[0.995s] -- Up-to-date: /home/zewy/ros2_ws/install/ethercat_msgs/lib/libethercat_msgs__rosidl_typesupport_c.so
[0.995s] -- Up-to-date: /home/zewy/ros2_ws/install/ethercat_msgs/include/ethercat_msgs/ethercat_msgs
[0.995s] -- Up-to-date: /home/zewy/ros2_ws/install/ethercat_msgs/include/ethercat_msgs/ethercat_msgs/msg
[0.995s] -- Up-to-date: /home/zewy/ros2_ws/install/ethercat_msgs/include/ethercat_msgs/ethercat_msgs/msg/rosidl_generator_cpp__visibility_control.hpp
[0.995s] -- Up-to-date: /home/zewy/ros2_ws/install/ethercat_msgs/include/ethercat_msgs/ethercat_msgs/srv
[0.995s] -- Up-to-date: /home/zewy/ros2_ws/install/ethercat_msgs/include/ethercat_msgs/ethercat_msgs/srv/get_sdo.hpp
[0.995s] -- Up-to-date: /home/zewy/ros2_ws/install/ethercat_msgs/include/ethercat_msgs/ethercat_msgs/srv/detail
[0.995s] -- Up-to-date: /home/zewy/ros2_ws/install/ethercat_msgs/include/ethercat_msgs/ethercat_msgs/srv/detail/set_sdo__struct.hpp
[0.995s] -- Up-to-date: /home/zewy/ros2_ws/install/ethercat_msgs/include/ethercat_msgs/ethercat_msgs/srv/detail/get_sdo__traits.hpp
[0.996s] -- Up-to-date: /home/zewy/ros2_ws/install/ethercat_msgs/include/ethercat_msgs/ethercat_msgs/srv/detail/get_sdo__type_support.hpp
[0.996s] -- Up-to-date: /home/zewy/ros2_ws/install/ethercat_msgs/include/ethercat_msgs/ethercat_msgs/srv/detail/set_sdo__type_support.hpp
[0.996s] -- Up-to-date: /home/zewy/ros2_ws/install/ethercat_msgs/include/ethercat_msgs/ethercat_msgs/srv/detail/get_sdo__struct.hpp
[0.996s] -- Up-to-date: /home/zewy/ros2_ws/install/ethercat_msgs/include/ethercat_msgs/ethercat_msgs/srv/detail/get_sdo__builder.hpp
[0.996s] -- Up-to-date: /home/zewy/ros2_ws/install/ethercat_msgs/include/ethercat_msgs/ethercat_msgs/srv/detail/set_sdo__builder.hpp
[0.996s] -- Up-to-date: /home/zewy/ros2_ws/install/ethercat_msgs/include/ethercat_msgs/ethercat_msgs/srv/detail/set_sdo__traits.hpp
[0.996s] -- Up-to-date: /home/zewy/ros2_ws/install/ethercat_msgs/include/ethercat_msgs/ethercat_msgs/srv/set_sdo.hpp
[0.996s] -- Up-to-date: /home/zewy/ros2_ws/install/ethercat_msgs/include/ethercat_msgs/ethercat_msgs
[0.997s] -- Up-to-date: /home/zewy/ros2_ws/install/ethercat_msgs/include/ethercat_msgs/ethercat_msgs/msg
[0.997s] -- Up-to-date: /home/zewy/ros2_ws/install/ethercat_msgs/include/ethercat_msgs/ethercat_msgs/msg/rosidl_typesupport_fastrtps_cpp__visibility_control.h
[0.997s] -- Up-to-date: /home/zewy/ros2_ws/install/ethercat_msgs/include/ethercat_msgs/ethercat_msgs/srv
[0.997s] -- Up-to-date: /home/zewy/ros2_ws/install/ethercat_msgs/include/ethercat_msgs/ethercat_msgs/srv/detail
[0.997s] -- Up-to-date: /home/zewy/ros2_ws/install/ethercat_msgs/include/ethercat_msgs/ethercat_msgs/srv/detail/get_sdo__rosidl_typesupport_fastrtps_cpp.hpp
[0.997s] -- Up-to-date: /home/zewy/ros2_ws/install/ethercat_msgs/include/ethercat_msgs/ethercat_msgs/srv/detail/dds_fastrtps
[0.997s] -- Up-to-date: /home/zewy/ros2_ws/install/ethercat_msgs/include/ethercat_msgs/ethercat_msgs/srv/detail/set_sdo__rosidl_typesupport_fastrtps_cpp.hpp
[0.997s] -- Up-to-date: /home/zewy/ros2_ws/install/ethercat_msgs/lib/libethercat_msgs__rosidl_typesupport_fastrtps_cpp.so
[0.997s] -- Up-to-date: /home/zewy/ros2_ws/install/ethercat_msgs/include/ethercat_msgs/ethercat_msgs
[0.998s] -- Up-to-date: /home/zewy/ros2_ws/install/ethercat_msgs/include/ethercat_msgs/ethercat_msgs/srv
[0.998s] -- Up-to-date: /home/zewy/ros2_ws/install/ethercat_msgs/include/ethercat_msgs/ethercat_msgs/srv/detail
[0.998s] -- Up-to-date: /home/zewy/ros2_ws/install/ethercat_msgs/include/ethercat_msgs/ethercat_msgs/srv/detail/set_sdo__type_support.cpp
[0.998s] -- Up-to-date: /home/zewy/ros2_ws/install/ethercat_msgs/include/ethercat_msgs/ethercat_msgs/srv/detail/get_sdo__rosidl_typesupport_introspection_cpp.hpp
[0.998s] -- Up-to-date: /home/zewy/ros2_ws/install/ethercat_msgs/include/ethercat_msgs/ethercat_msgs/srv/detail/set_sdo__rosidl_typesupport_introspection_cpp.hpp
[0.998s] -- Up-to-date: /home/zewy/ros2_ws/install/ethercat_msgs/include/ethercat_msgs/ethercat_msgs/srv/detail/get_sdo__type_support.cpp
[0.998s] -- Up-to-date: /home/zewy/ros2_ws/install/ethercat_msgs/lib/libethercat_msgs__rosidl_typesupport_introspection_cpp.so
[0.998s] -- Up-to-date: /home/zewy/ros2_ws/install/ethercat_msgs/lib/libethercat_msgs__rosidl_typesupport_cpp.so
[0.998s] -- Up-to-date: /home/zewy/ros2_ws/install/ethercat_msgs/share/ethercat_msgs/environment/pythonpath.sh
[0.998s] -- Up-to-date: /home/zewy/ros2_ws/install/ethercat_msgs/share/ethercat_msgs/environment/pythonpath.dsv
[0.998s] -- Up-to-date: /home/zewy/ros2_ws/install/ethercat_msgs/lib/python3.12/site-packages/ethercat_msgs-1.2.0-py3.12.egg-info
[0.998s] -- Installing: /home/zewy/ros2_ws/install/ethercat_msgs/lib/python3.12/site-packages/ethercat_msgs-1.2.0-py3.12.egg-info/dependency_links.txt
[0.999s] -- Installing: /home/zewy/ros2_ws/install/ethercat_msgs/lib/python3.12/site-packages/ethercat_msgs-1.2.0-py3.12.egg-info/top_level.txt
[0.999s] -- Installing: /home/zewy/ros2_ws/install/ethercat_msgs/lib/python3.12/site-packages/ethercat_msgs-1.2.0-py3.12.egg-info/SOURCES.txt
[0.999s] -- Installing: /home/zewy/ros2_ws/install/ethercat_msgs/lib/python3.12/site-packages/ethercat_msgs-1.2.0-py3.12.egg-info/PKG-INFO
[0.999s] -- Up-to-date: /home/zewy/ros2_ws/install/ethercat_msgs/lib/python3.12/site-packages/ethercat_msgs
[0.999s] -- Up-to-date: /home/zewy/ros2_ws/install/ethercat_msgs/lib/python3.12/site-packages/ethercat_msgs/_ethercat_msgs_s.ep.rosidl_typesupport_c.c
[0.999s] -- Up-to-date: /home/zewy/ros2_ws/install/ethercat_msgs/lib/python3.12/site-packages/ethercat_msgs/_ethercat_msgs_s.ep.rosidl_typesupport_fastrtps_c.c
[0.999s] -- Up-to-date: /home/zewy/ros2_ws/install/ethercat_msgs/lib/python3.12/site-packages/ethercat_msgs/__init__.py
[0.999s] -- Up-to-date: /home/zewy/ros2_ws/install/ethercat_msgs/lib/python3.12/site-packages/ethercat_msgs/srv
[0.999s] -- Up-to-date: /home/zewy/ros2_ws/install/ethercat_msgs/lib/python3.12/site-packages/ethercat_msgs/srv/__init__.py
[0.999s] -- Up-to-date: /home/zewy/ros2_ws/install/ethercat_msgs/lib/python3.12/site-packages/ethercat_msgs/srv/_set_sdo_s.c
[0.999s] -- Up-to-date: /home/zewy/ros2_ws/install/ethercat_msgs/lib/python3.12/site-packages/ethercat_msgs/srv/_get_sdo.py
[0.999s] -- Up-to-date: /home/zewy/ros2_ws/install/ethercat_msgs/lib/python3.12/site-packages/ethercat_msgs/srv/_set_sdo.py
[1.000s] -- Up-to-date: /home/zewy/ros2_ws/install/ethercat_msgs/lib/python3.12/site-packages/ethercat_msgs/srv/_get_sdo_s.c
[1.000s] -- Up-to-date: /home/zewy/ros2_ws/install/ethercat_msgs/lib/python3.12/site-packages/ethercat_msgs/ethercat_msgs_s__rosidl_typesupport_c.so
[1.000s] -- Up-to-date: /home/zewy/ros2_ws/install/ethercat_msgs/lib/python3.12/site-packages/ethercat_msgs/ethercat_msgs_s__rosidl_typesupport_introspection_c.so
[1.000s] -- Up-to-date: /home/zewy/ros2_ws/install/ethercat_msgs/lib/python3.12/site-packages/ethercat_msgs/ethercat_msgs_s__rosidl_typesupport_fastrtps_c.so
[1.000s] -- Up-to-date: /home/zewy/ros2_ws/install/ethercat_msgs/lib/python3.12/site-packages/ethercat_msgs/py.typed
[1.000s] -- Up-to-date: /home/zewy/ros2_ws/install/ethercat_msgs/lib/python3.12/site-packages/ethercat_msgs/_ethercat_msgs_s.ep.rosidl_typesupport_introspection_c.c
[1.033s] Listing '/home/zewy/ros2_ws/install/ethercat_msgs/lib/python3.12/site-packages/ethercat_msgs'...
[1.033s] Listing '/home/zewy/ros2_ws/install/ethercat_msgs/lib/python3.12/site-packages/ethercat_msgs/srv'...
[1.038s] -- Up-to-date: /home/zewy/ros2_ws/install/ethercat_msgs/lib/python3.12/site-packages/ethercat_msgs/ethercat_msgs_s__rosidl_typesupport_fastrtps_c.so
[1.038s] -- Up-to-date: /home/zewy/ros2_ws/install/ethercat_msgs/lib/python3.12/site-packages/ethercat_msgs/ethercat_msgs_s__rosidl_typesupport_introspection_c.so
[1.038s] -- Up-to-date: /home/zewy/ros2_ws/install/ethercat_msgs/lib/python3.12/site-packages/ethercat_msgs/ethercat_msgs_s__rosidl_typesupport_c.so
[1.039s] -- Up-to-date: /home/zewy/ros2_ws/install/ethercat_msgs/lib/libethercat_msgs__rosidl_generator_py.so
[1.039s] -- Up-to-date: /home/zewy/ros2_ws/install/ethercat_msgs/share/ament_index/resource_index/rust_packages/ethercat_msgs
[1.039s] -- Up-to-date: /home/zewy/ros2_ws/install/ethercat_msgs/share/ethercat_msgs/rust
[1.040s] -- Up-to-date: /home/zewy/ros2_ws/install/ethercat_msgs/share/ethercat_msgs/rust/build.rs
[1.040s] -- Up-to-date: /home/zewy/ros2_ws/install/ethercat_msgs/share/ethercat_msgs/rust/Cargo.toml
[1.040s] -- Up-to-date: /home/zewy/ros2_ws/install/ethercat_msgs/share/ethercat_msgs/rust/src
[1.040s] -- Up-to-date: /home/zewy/ros2_ws/install/ethercat_msgs/share/ethercat_msgs/rust/src/lib.rs
[1.040s] -- Up-to-date: /home/zewy/ros2_ws/install/ethercat_msgs/share/ethercat_msgs/rust/src/srv.rs
[1.040s] -- Up-to-date: /home/zewy/ros2_ws/install/ethercat_msgs/share/ethercat_msgs/srv/SetSdo.idl
[1.040s] -- Up-to-date: /home/zewy/ros2_ws/install/ethercat_msgs/share/ethercat_msgs/srv/GetSdo.idl
[1.041s] -- Up-to-date: /home/zewy/ros2_ws/install/ethercat_msgs/share/ethercat_msgs/srv/SetSdo.srv
[1.041s] -- Up-to-date: /home/zewy/ros2_ws/install/ethercat_msgs/share/ethercat_msgs/srv/GetSdo.srv
[1.041s] -- Up-to-date: /home/zewy/ros2_ws/install/ethercat_msgs/share/ament_index/resource_index/package_run_dependencies/ethercat_msgs
[1.041s] -- Up-to-date: /home/zewy/ros2_ws/install/ethercat_msgs/share/ament_index/resource_index/parent_prefix_path/ethercat_msgs
[1.041s] -- Up-to-date: /home/zewy/ros2_ws/install/ethercat_msgs/share/ethercat_msgs/environment/ament_prefix_path.sh
[1.041s] -- Up-to-date: /home/zewy/ros2_ws/install/ethercat_msgs/share/ethercat_msgs/environment/ament_prefix_path.dsv
[1.041s] -- Up-to-date: /home/zewy/ros2_ws/install/ethercat_msgs/share/ethercat_msgs/environment/path.sh
[1.041s] -- Up-to-date: /home/zewy/ros2_ws/install/ethercat_msgs/share/ethercat_msgs/environment/path.dsv
[1.041s] -- Up-to-date: /home/zewy/ros2_ws/install/ethercat_msgs/share/ethercat_msgs/local_setup.bash
[1.042s] -- Up-to-date: /home/zewy/ros2_ws/install/ethercat_msgs/share/ethercat_msgs/local_setup.sh
[1.042s] -- Up-to-date: /home/zewy/ros2_ws/install/ethercat_msgs/share/ethercat_msgs/local_setup.zsh
[1.042s] -- Up-to-date: /home/zewy/ros2_ws/install/ethercat_msgs/share/ethercat_msgs/local_setup.dsv
[1.042s] -- Installing: /home/zewy/ros2_ws/install/ethercat_msgs/share/ethercat_msgs/package.dsv
[1.042s] -- Up-to-date: /home/zewy/ros2_ws/install/ethercat_msgs/share/ament_index/resource_index/packages/ethercat_msgs
[1.042s] -- Up-to-date: /home/zewy/ros2_ws/install/ethercat_msgs/share/ethercat_msgs/cmake/export_ethercat_msgs__rosidl_generator_cExport.cmake
[1.043s] -- Up-to-date: /home/zewy/ros2_ws/install/ethercat_msgs/share/ethercat_msgs/cmake/export_ethercat_msgs__rosidl_generator_cExport-noconfig.cmake
[1.043s] -- Up-to-date: /home/zewy/ros2_ws/install/ethercat_msgs/share/ethercat_msgs/cmake/export_ethercat_msgs__rosidl_typesupport_fastrtps_cExport.cmake
[1.043s] -- Up-to-date: /home/zewy/ros2_ws/install/ethercat_msgs/share/ethercat_msgs/cmake/export_ethercat_msgs__rosidl_typesupport_fastrtps_cExport-noconfig.cmake
[1.043s] -- Up-to-date: /home/zewy/ros2_ws/install/ethercat_msgs/share/ethercat_msgs/cmake/ethercat_msgs__rosidl_typesupport_introspection_cExport.cmake
[1.043s] -- Up-to-date: /home/zewy/ros2_ws/install/ethercat_msgs/share/ethercat_msgs/cmake/ethercat_msgs__rosidl_typesupport_introspection_cExport-noconfig.cmake
[1.043s] -- Up-to-date: /home/zewy/ros2_ws/install/ethercat_msgs/share/ethercat_msgs/cmake/ethercat_msgs__rosidl_typesupport_cExport.cmake
[1.043s] -- Up-to-date: /home/zewy/ros2_ws/install/ethercat_msgs/share/ethercat_msgs/cmake/ethercat_msgs__rosidl_typesupport_cExport-noconfig.cmake
[1.043s] -- Up-to-date: /home/zewy/ros2_ws/install/ethercat_msgs/share/ethercat_msgs/cmake/export_ethercat_msgs__rosidl_generator_cppExport.cmake
[1.044s] -- Up-to-date: /home/zewy/ros2_ws/install/ethercat_msgs/share/ethercat_msgs/cmake/export_ethercat_msgs__rosidl_typesupport_fastrtps_cppExport.cmake
[1.044s] -- Up-to-date: /home/zewy/ros2_ws/install/ethercat_msgs/share/ethercat_msgs/cmake/export_ethercat_msgs__rosidl_typesupport_fastrtps_cppExport-noconfig.cmake
[1.044s] -- Up-to-date: /home/zewy/ros2_ws/install/ethercat_msgs/share/ethercat_msgs/cmake/ethercat_msgs__rosidl_typesupport_introspection_cppExport.cmake
[1.044s] -- Up-to-date: /home/zewy/ros2_ws/install/ethercat_msgs/share/ethercat_msgs/cmake/ethercat_msgs__rosidl_typesupport_introspection_cppExport-noconfig.cmake
[1.044s] -- Up-to-date: /home/zewy/ros2_ws/install/ethercat_msgs/share/ethercat_msgs/cmake/ethercat_msgs__rosidl_typesupport_cppExport.cmake
[1.044s] -- Up-to-date: /home/zewy/ros2_ws/install/ethercat_msgs/share/ethercat_msgs/cmake/ethercat_msgs__rosidl_typesupport_cppExport-noconfig.cmake
[1.044s] -- Up-to-date: /home/zewy/ros2_ws/install/ethercat_msgs/share/ethercat_msgs/cmake/export_ethercat_msgs__rosidl_generator_pyExport.cmake
[1.044s] -- Up-to-date: /home/zewy/ros2_ws/install/ethercat_msgs/share/ethercat_msgs/cmake/export_ethercat_msgs__rosidl_generator_pyExport-noconfig.cmake
[1.044s] -- Up-to-date: /home/zewy/ros2_ws/install/ethercat_msgs/share/ethercat_msgs/cmake/rosidl_cmake-extras.cmake
[1.044s] -- Up-to-date: /home/zewy/ros2_ws/install/ethercat_msgs/share/ethercat_msgs/cmake/ament_cmake_export_dependencies-extras.cmake
[1.044s] -- Up-to-date: /home/zewy/ros2_ws/install/ethercat_msgs/share/ethercat_msgs/cmake/ament_cmake_export_include_directories-extras.cmake
[1.044s] -- Up-to-date: /home/zewy/ros2_ws/install/ethercat_msgs/share/ethercat_msgs/cmake/ament_cmake_export_libraries-extras.cmake
[1.045s] -- Up-to-date: /home/zewy/ros2_ws/install/ethercat_msgs/share/ethercat_msgs/cmake/ament_cmake_export_targets-extras.cmake
[1.045s] -- Up-to-date: /home/zewy/ros2_ws/install/ethercat_msgs/share/ethercat_msgs/cmake/rosidl_cmake_export_typesupport_targets-extras.cmake
[1.045s] -- Up-to-date: /home/zewy/ros2_ws/install/ethercat_msgs/share/ethercat_msgs/cmake/rosidl_cmake_export_typesupport_libraries-extras.cmake
[1.045s] -- Up-to-date: /home/zewy/ros2_ws/install/ethercat_msgs/share/ethercat_msgs/cmake/ethercat_msgsConfig.cmake
[1.045s] -- Up-to-date: /home/zewy/ros2_ws/install/ethercat_msgs/share/ethercat_msgs/cmake/ethercat_msgsConfig-version.cmake
[1.045s] -- Up-to-date: /home/zewy/ros2_ws/install/ethercat_msgs/share/ethercat_msgs/package.xml
[1.046s] Invoked command in '/home/zewy/ros2_ws/build/ethercat_msgs' returned '0': CMAKE_PREFIX_PATH=${CMAKE_PREFIX_PATH}:/home/zewy/ws_moveit2/install/moveit_configs_utils:/opt/ros/rolling DEBUGINFOD_URLS=https://debuginfod.ubuntu.com /usr/bin/cmake --install /home/zewy/ros2_ws/build/ethercat_msgs
