[0.320s] Invoking command in '/home/zewy/ros2_ws/build/ethercat_msgs': CMAKE_PREFIX_PATH=${CMAKE_PREFIX_PATH}:/home/zewy/ws_moveit2/install/moveit_configs_utils:/opt/ros/rolling DEBUGINFOD_URLS=https://debuginfod.ubuntu.com /usr/bin/cmake --build /home/zewy/ros2_ws/build/ethercat_msgs -- -j12 -l12
[0.439s] [  2%] Built target ethercat_msgs__rosidl_generator_type_description
[0.439s] [  4%] Built target ethercat_msgs__rs
[0.465s] [  4%] Built target ament_cmake_python_copy_ethercat_msgs
[0.500s] [  6%] Built target ethercat_msgs__cpp
[0.503s] [ 24%] Built target ethercat_msgs__rosidl_generator_c
[0.581s] [ 33%] Built target ethercat_msgs__rosidl_typesupport_fastrtps_c
[0.581s] [ 42%] Built target ethercat_msgs__rosidl_typesupport_introspection_c
[0.582s] [ 51%] Built target ethercat_msgs__rosidl_typesupport_cpp
[0.582s] [ 60%] Built target ethercat_msgs__rosidl_typesupport_fastrtps_cpp
[0.585s] [ 68%] Built target ethercat_msgs__rosidl_typesupport_c
[0.592s] [ 77%] Built target ethercat_msgs__rosidl_typesupport_introspection_cpp
[0.647s] [ 77%] Built target ethercat_msgs
[0.703s] [ 80%] Built target ethercat_msgs__py
[0.756s] [ 86%] Built target ethercat_msgs__rosidl_generator_py
[0.814s] [ 91%] Built target ethercat_msgs_s__rosidl_typesupport_fastrtps_c
[0.819s] [ 95%] Built target ethercat_msgs_s__rosidl_typesupport_introspection_c
[0.819s] [100%] Built target ethercat_msgs_s__rosidl_typesupport_c
[0.910s] running egg_info
[0.951s] writing ethercat_msgs.egg-info/PKG-INFO
[0.951s] writing dependency_links to ethercat_msgs.egg-info/dependency_links.txt
[0.951s] writing top-level names to ethercat_msgs.egg-info/top_level.txt
[1.061s] reading manifest file 'ethercat_msgs.egg-info/SOURCES.txt'
[1.062s] writing manifest file 'ethercat_msgs.egg-info/SOURCES.txt'
[1.101s] [100%] Built target ament_cmake_python_build_ethercat_msgs_egg
[1.124s] Invoked command in '/home/zewy/ros2_ws/build/ethercat_msgs' returned '0': CMAKE_PREFIX_PATH=${CMAKE_PREFIX_PATH}:/home/zewy/ws_moveit2/install/moveit_configs_utils:/opt/ros/rolling DEBUGINFOD_URLS=https://debuginfod.ubuntu.com /usr/bin/cmake --build /home/zewy/ros2_ws/build/ethercat_msgs -- -j12 -l12
[1.126s] Invoking command in '/home/zewy/ros2_ws/build/ethercat_msgs': CMAKE_PREFIX_PATH=${CMAKE_PREFIX_PATH}:/home/zewy/ws_moveit2/install/moveit_configs_utils:/opt/ros/rolling DEBUGINFOD_URLS=https://debuginfod.ubuntu.com /usr/bin/cmake --install /home/zewy/ros2_ws/build/ethercat_msgs
[1.143s] -- Install configuration: ""
[1.143s] -- Up-to-date: /home/zewy/ros2_ws/install/ethercat_msgs/share/ament_index/resource_index/rosidl_interfaces/ethercat_msgs
[1.144s] -- Up-to-date: /home/zewy/ros2_ws/install/ethercat_msgs/share/ethercat_msgs/srv/SetSdo.json
[1.144s] -- Up-to-date: /home/zewy/ros2_ws/install/ethercat_msgs/share/ethercat_msgs/srv/GetSdo.json
[1.144s] -- Up-to-date: /home/zewy/ros2_ws/install/ethercat_msgs/include/ethercat_msgs/ethercat_msgs
[1.144s] -- Up-to-date: /home/zewy/ros2_ws/install/ethercat_msgs/include/ethercat_msgs/ethercat_msgs/msg
[1.144s] -- Up-to-date: /home/zewy/ros2_ws/install/ethercat_msgs/include/ethercat_msgs/ethercat_msgs/msg/rosidl_generator_c__visibility_control.h
[1.145s] -- Up-to-date: /home/zewy/ros2_ws/install/ethercat_msgs/include/ethercat_msgs/ethercat_msgs/srv
[1.145s] -- Up-to-date: /home/zewy/ros2_ws/install/ethercat_msgs/include/ethercat_msgs/ethercat_msgs/srv/set_sdo.h
[1.145s] -- Up-to-date: /home/zewy/ros2_ws/install/ethercat_msgs/include/ethercat_msgs/ethercat_msgs/srv/get_sdo.h
[1.145s] -- Up-to-date: /home/zewy/ros2_ws/install/ethercat_msgs/include/ethercat_msgs/ethercat_msgs/srv/detail
[1.145s] -- Up-to-date: /home/zewy/ros2_ws/install/ethercat_msgs/include/ethercat_msgs/ethercat_msgs/srv/detail/set_sdo__description.c
[1.145s] -- Up-to-date: /home/zewy/ros2_ws/install/ethercat_msgs/include/ethercat_msgs/ethercat_msgs/srv/detail/get_sdo__type_support.h
[1.146s] -- Up-to-date: /home/zewy/ros2_ws/install/ethercat_msgs/include/ethercat_msgs/ethercat_msgs/srv/detail/get_sdo__functions.c
[1.146s] -- Up-to-date: /home/zewy/ros2_ws/install/ethercat_msgs/include/ethercat_msgs/ethercat_msgs/srv/detail/get_sdo__description.c
[1.146s] -- Up-to-date: /home/zewy/ros2_ws/install/ethercat_msgs/include/ethercat_msgs/ethercat_msgs/srv/detail/set_sdo__type_support.h
[1.146s] -- Up-to-date: /home/zewy/ros2_ws/install/ethercat_msgs/include/ethercat_msgs/ethercat_msgs/srv/detail/set_sdo__struct.h
[1.146s] -- Up-to-date: /home/zewy/ros2_ws/install/ethercat_msgs/include/ethercat_msgs/ethercat_msgs/srv/detail/set_sdo__functions.c
[1.146s] -- Up-to-date: /home/zewy/ros2_ws/install/ethercat_msgs/include/ethercat_msgs/ethercat_msgs/srv/detail/get_sdo__type_support.c
[1.147s] -- Up-to-date: /home/zewy/ros2_ws/install/ethercat_msgs/include/ethercat_msgs/ethercat_msgs/srv/detail/get_sdo__struct.h
[1.147s] -- Up-to-date: /home/zewy/ros2_ws/install/ethercat_msgs/include/ethercat_msgs/ethercat_msgs/srv/detail/set_sdo__functions.h
[1.147s] -- Up-to-date: /home/zewy/ros2_ws/install/ethercat_msgs/include/ethercat_msgs/ethercat_msgs/srv/detail/get_sdo__functions.h
[1.147s] -- Up-to-date: /home/zewy/ros2_ws/install/ethercat_msgs/include/ethercat_msgs/ethercat_msgs/srv/detail/set_sdo__type_support.c
[1.147s] -- Up-to-date: /home/zewy/ros2_ws/install/ethercat_msgs/share/ethercat_msgs/environment/library_path.sh
[1.147s] -- Up-to-date: /home/zewy/ros2_ws/install/ethercat_msgs/share/ethercat_msgs/environment/library_path.dsv
[1.147s] -- Up-to-date: /home/zewy/ros2_ws/install/ethercat_msgs/lib/libethercat_msgs__rosidl_generator_c.so
[1.147s] -- Up-to-date: /home/zewy/ros2_ws/install/ethercat_msgs/include/ethercat_msgs/ethercat_msgs
[1.148s] -- Up-to-date: /home/zewy/ros2_ws/install/ethercat_msgs/include/ethercat_msgs/ethercat_msgs/msg
[1.148s] -- Up-to-date: /home/zewy/ros2_ws/install/ethercat_msgs/include/ethercat_msgs/ethercat_msgs/msg/rosidl_typesupport_fastrtps_c__visibility_control.h
[1.148s] -- Up-to-date: /home/zewy/ros2_ws/install/ethercat_msgs/include/ethercat_msgs/ethercat_msgs/srv
[1.148s] -- Up-to-date: /home/zewy/ros2_ws/install/ethercat_msgs/include/ethercat_msgs/ethercat_msgs/srv/detail
[1.148s] -- Up-to-date: /home/zewy/ros2_ws/install/ethercat_msgs/include/ethercat_msgs/ethercat_msgs/srv/detail/set_sdo__rosidl_typesupport_fastrtps_c.h
[1.148s] -- Up-to-date: /home/zewy/ros2_ws/install/ethercat_msgs/include/ethercat_msgs/ethercat_msgs/srv/detail/get_sdo__rosidl_typesupport_fastrtps_c.h
[1.148s] -- Up-to-date: /home/zewy/ros2_ws/install/ethercat_msgs/lib/libethercat_msgs__rosidl_typesupport_fastrtps_c.so
[1.149s] -- Up-to-date: /home/zewy/ros2_ws/install/ethercat_msgs/include/ethercat_msgs/ethercat_msgs
[1.149s] -- Up-to-date: /home/zewy/ros2_ws/install/ethercat_msgs/include/ethercat_msgs/ethercat_msgs/msg
[1.149s] -- Up-to-date: /home/zewy/ros2_ws/install/ethercat_msgs/include/ethercat_msgs/ethercat_msgs/msg/rosidl_typesupport_introspection_c__visibility_control.h
[1.149s] -- Up-to-date: /home/zewy/ros2_ws/install/ethercat_msgs/include/ethercat_msgs/ethercat_msgs/srv
[1.149s] -- Up-to-date: /home/zewy/ros2_ws/install/ethercat_msgs/include/ethercat_msgs/ethercat_msgs/srv/detail
[1.149s] -- Up-to-date: /home/zewy/ros2_ws/install/ethercat_msgs/include/ethercat_msgs/ethercat_msgs/srv/detail/set_sdo__rosidl_typesupport_introspection_c.h
[1.149s] -- Up-to-date: /home/zewy/ros2_ws/install/ethercat_msgs/include/ethercat_msgs/ethercat_msgs/srv/detail/get_sdo__type_support.c
[1.149s] -- Up-to-date: /home/zewy/ros2_ws/install/ethercat_msgs/include/ethercat_msgs/ethercat_msgs/srv/detail/get_sdo__rosidl_typesupport_introspection_c.h
[1.150s] -- Up-to-date: /home/zewy/ros2_ws/install/ethercat_msgs/include/ethercat_msgs/ethercat_msgs/srv/detail/set_sdo__type_support.c
[1.150s] -- Up-to-date: /home/zewy/ros2_ws/install/ethercat_msgs/lib/libethercat_msgs__rosidl_typesupport_introspection_c.so
[1.150s] -- Up-to-date: /home/zewy/ros2_ws/install/ethercat_msgs/lib/libethercat_msgs__rosidl_typesupport_c.so
[1.150s] -- Up-to-date: /home/zewy/ros2_ws/install/ethercat_msgs/include/ethercat_msgs/ethercat_msgs
[1.150s] -- Up-to-date: /home/zewy/ros2_ws/install/ethercat_msgs/include/ethercat_msgs/ethercat_msgs/msg
[1.150s] -- Up-to-date: /home/zewy/ros2_ws/install/ethercat_msgs/include/ethercat_msgs/ethercat_msgs/msg/rosidl_generator_cpp__visibility_control.hpp
[1.150s] -- Up-to-date: /home/zewy/ros2_ws/install/ethercat_msgs/include/ethercat_msgs/ethercat_msgs/srv
[1.150s] -- Up-to-date: /home/zewy/ros2_ws/install/ethercat_msgs/include/ethercat_msgs/ethercat_msgs/srv/get_sdo.hpp
[1.150s] -- Up-to-date: /home/zewy/ros2_ws/install/ethercat_msgs/include/ethercat_msgs/ethercat_msgs/srv/detail
[1.151s] -- Up-to-date: /home/zewy/ros2_ws/install/ethercat_msgs/include/ethercat_msgs/ethercat_msgs/srv/detail/set_sdo__struct.hpp
[1.151s] -- Up-to-date: /home/zewy/ros2_ws/install/ethercat_msgs/include/ethercat_msgs/ethercat_msgs/srv/detail/get_sdo__traits.hpp
[1.151s] -- Up-to-date: /home/zewy/ros2_ws/install/ethercat_msgs/include/ethercat_msgs/ethercat_msgs/srv/detail/get_sdo__type_support.hpp
[1.151s] -- Up-to-date: /home/zewy/ros2_ws/install/ethercat_msgs/include/ethercat_msgs/ethercat_msgs/srv/detail/set_sdo__type_support.hpp
[1.151s] -- Up-to-date: /home/zewy/ros2_ws/install/ethercat_msgs/include/ethercat_msgs/ethercat_msgs/srv/detail/get_sdo__struct.hpp
[1.151s] -- Up-to-date: /home/zewy/ros2_ws/install/ethercat_msgs/include/ethercat_msgs/ethercat_msgs/srv/detail/get_sdo__builder.hpp
[1.151s] -- Up-to-date: /home/zewy/ros2_ws/install/ethercat_msgs/include/ethercat_msgs/ethercat_msgs/srv/detail/set_sdo__builder.hpp
[1.151s] -- Up-to-date: /home/zewy/ros2_ws/install/ethercat_msgs/include/ethercat_msgs/ethercat_msgs/srv/detail/set_sdo__traits.hpp
[1.152s] -- Up-to-date: /home/zewy/ros2_ws/install/ethercat_msgs/include/ethercat_msgs/ethercat_msgs/srv/set_sdo.hpp
[1.152s] -- Up-to-date: /home/zewy/ros2_ws/install/ethercat_msgs/include/ethercat_msgs/ethercat_msgs
[1.152s] -- Up-to-date: /home/zewy/ros2_ws/install/ethercat_msgs/include/ethercat_msgs/ethercat_msgs/msg
[1.152s] -- Up-to-date: /home/zewy/ros2_ws/install/ethercat_msgs/include/ethercat_msgs/ethercat_msgs/msg/rosidl_typesupport_fastrtps_cpp__visibility_control.h
[1.152s] -- Up-to-date: /home/zewy/ros2_ws/install/ethercat_msgs/include/ethercat_msgs/ethercat_msgs/srv
[1.152s] -- Up-to-date: /home/zewy/ros2_ws/install/ethercat_msgs/include/ethercat_msgs/ethercat_msgs/srv/detail
[1.152s] -- Up-to-date: /home/zewy/ros2_ws/install/ethercat_msgs/include/ethercat_msgs/ethercat_msgs/srv/detail/get_sdo__rosidl_typesupport_fastrtps_cpp.hpp
[1.152s] -- Up-to-date: /home/zewy/ros2_ws/install/ethercat_msgs/include/ethercat_msgs/ethercat_msgs/srv/detail/dds_fastrtps
[1.152s] -- Up-to-date: /home/zewy/ros2_ws/install/ethercat_msgs/include/ethercat_msgs/ethercat_msgs/srv/detail/set_sdo__rosidl_typesupport_fastrtps_cpp.hpp
[1.152s] -- Up-to-date: /home/zewy/ros2_ws/install/ethercat_msgs/lib/libethercat_msgs__rosidl_typesupport_fastrtps_cpp.so
[1.152s] -- Up-to-date: /home/zewy/ros2_ws/install/ethercat_msgs/include/ethercat_msgs/ethercat_msgs
[1.153s] -- Up-to-date: /home/zewy/ros2_ws/install/ethercat_msgs/include/ethercat_msgs/ethercat_msgs/srv
[1.153s] -- Up-to-date: /home/zewy/ros2_ws/install/ethercat_msgs/include/ethercat_msgs/ethercat_msgs/srv/detail
[1.153s] -- Up-to-date: /home/zewy/ros2_ws/install/ethercat_msgs/include/ethercat_msgs/ethercat_msgs/srv/detail/set_sdo__type_support.cpp
[1.153s] -- Up-to-date: /home/zewy/ros2_ws/install/ethercat_msgs/include/ethercat_msgs/ethercat_msgs/srv/detail/get_sdo__rosidl_typesupport_introspection_cpp.hpp
[1.153s] -- Up-to-date: /home/zewy/ros2_ws/install/ethercat_msgs/include/ethercat_msgs/ethercat_msgs/srv/detail/set_sdo__rosidl_typesupport_introspection_cpp.hpp
[1.153s] -- Up-to-date: /home/zewy/ros2_ws/install/ethercat_msgs/include/ethercat_msgs/ethercat_msgs/srv/detail/get_sdo__type_support.cpp
[1.153s] -- Up-to-date: /home/zewy/ros2_ws/install/ethercat_msgs/lib/libethercat_msgs__rosidl_typesupport_introspection_cpp.so
[1.153s] -- Up-to-date: /home/zewy/ros2_ws/install/ethercat_msgs/lib/libethercat_msgs__rosidl_typesupport_cpp.so
[1.153s] -- Up-to-date: /home/zewy/ros2_ws/install/ethercat_msgs/share/ethercat_msgs/environment/pythonpath.sh
[1.153s] -- Up-to-date: /home/zewy/ros2_ws/install/ethercat_msgs/share/ethercat_msgs/environment/pythonpath.dsv
[1.153s] -- Up-to-date: /home/zewy/ros2_ws/install/ethercat_msgs/lib/python3.12/site-packages/ethercat_msgs-1.2.0-py3.12.egg-info
[1.154s] -- Installing: /home/zewy/ros2_ws/install/ethercat_msgs/lib/python3.12/site-packages/ethercat_msgs-1.2.0-py3.12.egg-info/dependency_links.txt
[1.154s] -- Installing: /home/zewy/ros2_ws/install/ethercat_msgs/lib/python3.12/site-packages/ethercat_msgs-1.2.0-py3.12.egg-info/top_level.txt
[1.154s] -- Installing: /home/zewy/ros2_ws/install/ethercat_msgs/lib/python3.12/site-packages/ethercat_msgs-1.2.0-py3.12.egg-info/SOURCES.txt
[1.154s] -- Installing: /home/zewy/ros2_ws/install/ethercat_msgs/lib/python3.12/site-packages/ethercat_msgs-1.2.0-py3.12.egg-info/PKG-INFO
[1.154s] -- Up-to-date: /home/zewy/ros2_ws/install/ethercat_msgs/lib/python3.12/site-packages/ethercat_msgs
[1.154s] -- Up-to-date: /home/zewy/ros2_ws/install/ethercat_msgs/lib/python3.12/site-packages/ethercat_msgs/_ethercat_msgs_s.ep.rosidl_typesupport_c.c
[1.154s] -- Up-to-date: /home/zewy/ros2_ws/install/ethercat_msgs/lib/python3.12/site-packages/ethercat_msgs/_ethercat_msgs_s.ep.rosidl_typesupport_fastrtps_c.c
[1.154s] -- Up-to-date: /home/zewy/ros2_ws/install/ethercat_msgs/lib/python3.12/site-packages/ethercat_msgs/__init__.py
[1.154s] -- Up-to-date: /home/zewy/ros2_ws/install/ethercat_msgs/lib/python3.12/site-packages/ethercat_msgs/srv
[1.154s] -- Up-to-date: /home/zewy/ros2_ws/install/ethercat_msgs/lib/python3.12/site-packages/ethercat_msgs/srv/__init__.py
[1.154s] -- Up-to-date: /home/zewy/ros2_ws/install/ethercat_msgs/lib/python3.12/site-packages/ethercat_msgs/srv/_set_sdo_s.c
[1.155s] -- Up-to-date: /home/zewy/ros2_ws/install/ethercat_msgs/lib/python3.12/site-packages/ethercat_msgs/srv/_get_sdo.py
[1.155s] -- Up-to-date: /home/zewy/ros2_ws/install/ethercat_msgs/lib/python3.12/site-packages/ethercat_msgs/srv/_set_sdo.py
[1.155s] -- Up-to-date: /home/zewy/ros2_ws/install/ethercat_msgs/lib/python3.12/site-packages/ethercat_msgs/srv/_get_sdo_s.c
[1.155s] -- Up-to-date: /home/zewy/ros2_ws/install/ethercat_msgs/lib/python3.12/site-packages/ethercat_msgs/ethercat_msgs_s__rosidl_typesupport_c.so
[1.155s] -- Up-to-date: /home/zewy/ros2_ws/install/ethercat_msgs/lib/python3.12/site-packages/ethercat_msgs/ethercat_msgs_s__rosidl_typesupport_introspection_c.so
[1.155s] -- Up-to-date: /home/zewy/ros2_ws/install/ethercat_msgs/lib/python3.12/site-packages/ethercat_msgs/ethercat_msgs_s__rosidl_typesupport_fastrtps_c.so
[1.155s] -- Up-to-date: /home/zewy/ros2_ws/install/ethercat_msgs/lib/python3.12/site-packages/ethercat_msgs/py.typed
[1.155s] -- Up-to-date: /home/zewy/ros2_ws/install/ethercat_msgs/lib/python3.12/site-packages/ethercat_msgs/_ethercat_msgs_s.ep.rosidl_typesupport_introspection_c.c
[1.194s] Listing '/home/zewy/ros2_ws/install/ethercat_msgs/lib/python3.12/site-packages/ethercat_msgs'...
[1.195s] Listing '/home/zewy/ros2_ws/install/ethercat_msgs/lib/python3.12/site-packages/ethercat_msgs/srv'...
[1.200s] -- Up-to-date: /home/zewy/ros2_ws/install/ethercat_msgs/lib/python3.12/site-packages/ethercat_msgs/ethercat_msgs_s__rosidl_typesupport_fastrtps_c.so
[1.200s] -- Up-to-date: /home/zewy/ros2_ws/install/ethercat_msgs/lib/python3.12/site-packages/ethercat_msgs/ethercat_msgs_s__rosidl_typesupport_introspection_c.so
[1.201s] -- Up-to-date: /home/zewy/ros2_ws/install/ethercat_msgs/lib/python3.12/site-packages/ethercat_msgs/ethercat_msgs_s__rosidl_typesupport_c.so
[1.201s] -- Up-to-date: /home/zewy/ros2_ws/install/ethercat_msgs/lib/libethercat_msgs__rosidl_generator_py.so
[1.201s] -- Up-to-date: /home/zewy/ros2_ws/install/ethercat_msgs/share/ament_index/resource_index/rust_packages/ethercat_msgs
[1.202s] -- Up-to-date: /home/zewy/ros2_ws/install/ethercat_msgs/share/ethercat_msgs/rust
[1.202s] -- Up-to-date: /home/zewy/ros2_ws/install/ethercat_msgs/share/ethercat_msgs/rust/build.rs
[1.202s] -- Up-to-date: /home/zewy/ros2_ws/install/ethercat_msgs/share/ethercat_msgs/rust/Cargo.toml
[1.202s] -- Up-to-date: /home/zewy/ros2_ws/install/ethercat_msgs/share/ethercat_msgs/rust/src
[1.202s] -- Up-to-date: /home/zewy/ros2_ws/install/ethercat_msgs/share/ethercat_msgs/rust/src/lib.rs
[1.203s] -- Up-to-date: /home/zewy/ros2_ws/install/ethercat_msgs/share/ethercat_msgs/rust/src/srv.rs
[1.203s] -- Up-to-date: /home/zewy/ros2_ws/install/ethercat_msgs/share/ethercat_msgs/srv/SetSdo.idl
[1.203s] -- Up-to-date: /home/zewy/ros2_ws/install/ethercat_msgs/share/ethercat_msgs/srv/GetSdo.idl
[1.203s] -- Up-to-date: /home/zewy/ros2_ws/install/ethercat_msgs/share/ethercat_msgs/srv/SetSdo.srv
[1.203s] -- Up-to-date: /home/zewy/ros2_ws/install/ethercat_msgs/share/ethercat_msgs/srv/GetSdo.srv
[1.203s] -- Up-to-date: /home/zewy/ros2_ws/install/ethercat_msgs/share/ament_index/resource_index/package_run_dependencies/ethercat_msgs
[1.203s] -- Up-to-date: /home/zewy/ros2_ws/install/ethercat_msgs/share/ament_index/resource_index/parent_prefix_path/ethercat_msgs
[1.204s] -- Up-to-date: /home/zewy/ros2_ws/install/ethercat_msgs/share/ethercat_msgs/environment/ament_prefix_path.sh
[1.204s] -- Up-to-date: /home/zewy/ros2_ws/install/ethercat_msgs/share/ethercat_msgs/environment/ament_prefix_path.dsv
[1.204s] -- Up-to-date: /home/zewy/ros2_ws/install/ethercat_msgs/share/ethercat_msgs/environment/path.sh
[1.204s] -- Up-to-date: /home/zewy/ros2_ws/install/ethercat_msgs/share/ethercat_msgs/environment/path.dsv
[1.204s] -- Up-to-date: /home/zewy/ros2_ws/install/ethercat_msgs/share/ethercat_msgs/local_setup.bash
[1.204s] -- Up-to-date: /home/zewy/ros2_ws/install/ethercat_msgs/share/ethercat_msgs/local_setup.sh
[1.204s] -- Up-to-date: /home/zewy/ros2_ws/install/ethercat_msgs/share/ethercat_msgs/local_setup.zsh
[1.204s] -- Up-to-date: /home/zewy/ros2_ws/install/ethercat_msgs/share/ethercat_msgs/local_setup.dsv
[1.205s] -- Installing: /home/zewy/ros2_ws/install/ethercat_msgs/share/ethercat_msgs/package.dsv
[1.205s] -- Up-to-date: /home/zewy/ros2_ws/install/ethercat_msgs/share/ament_index/resource_index/packages/ethercat_msgs
[1.205s] -- Up-to-date: /home/zewy/ros2_ws/install/ethercat_msgs/share/ethercat_msgs/cmake/export_ethercat_msgs__rosidl_generator_cExport.cmake
[1.205s] -- Up-to-date: /home/zewy/ros2_ws/install/ethercat_msgs/share/ethercat_msgs/cmake/export_ethercat_msgs__rosidl_generator_cExport-noconfig.cmake
[1.205s] -- Up-to-date: /home/zewy/ros2_ws/install/ethercat_msgs/share/ethercat_msgs/cmake/export_ethercat_msgs__rosidl_typesupport_fastrtps_cExport.cmake
[1.205s] -- Up-to-date: /home/zewy/ros2_ws/install/ethercat_msgs/share/ethercat_msgs/cmake/export_ethercat_msgs__rosidl_typesupport_fastrtps_cExport-noconfig.cmake
[1.205s] -- Up-to-date: /home/zewy/ros2_ws/install/ethercat_msgs/share/ethercat_msgs/cmake/ethercat_msgs__rosidl_typesupport_introspection_cExport.cmake
[1.205s] -- Up-to-date: /home/zewy/ros2_ws/install/ethercat_msgs/share/ethercat_msgs/cmake/ethercat_msgs__rosidl_typesupport_introspection_cExport-noconfig.cmake
[1.205s] -- Up-to-date: /home/zewy/ros2_ws/install/ethercat_msgs/share/ethercat_msgs/cmake/ethercat_msgs__rosidl_typesupport_cExport.cmake
[1.206s] -- Up-to-date: /home/zewy/ros2_ws/install/ethercat_msgs/share/ethercat_msgs/cmake/ethercat_msgs__rosidl_typesupport_cExport-noconfig.cmake
[1.206s] -- Up-to-date: /home/zewy/ros2_ws/install/ethercat_msgs/share/ethercat_msgs/cmake/export_ethercat_msgs__rosidl_generator_cppExport.cmake
[1.206s] -- Up-to-date: /home/zewy/ros2_ws/install/ethercat_msgs/share/ethercat_msgs/cmake/export_ethercat_msgs__rosidl_typesupport_fastrtps_cppExport.cmake
[1.206s] -- Up-to-date: /home/zewy/ros2_ws/install/ethercat_msgs/share/ethercat_msgs/cmake/export_ethercat_msgs__rosidl_typesupport_fastrtps_cppExport-noconfig.cmake
[1.206s] -- Up-to-date: /home/zewy/ros2_ws/install/ethercat_msgs/share/ethercat_msgs/cmake/ethercat_msgs__rosidl_typesupport_introspection_cppExport.cmake
[1.206s] -- Up-to-date: /home/zewy/ros2_ws/install/ethercat_msgs/share/ethercat_msgs/cmake/ethercat_msgs__rosidl_typesupport_introspection_cppExport-noconfig.cmake
[1.206s] -- Up-to-date: /home/zewy/ros2_ws/install/ethercat_msgs/share/ethercat_msgs/cmake/ethercat_msgs__rosidl_typesupport_cppExport.cmake
[1.206s] -- Up-to-date: /home/zewy/ros2_ws/install/ethercat_msgs/share/ethercat_msgs/cmake/ethercat_msgs__rosidl_typesupport_cppExport-noconfig.cmake
[1.206s] -- Up-to-date: /home/zewy/ros2_ws/install/ethercat_msgs/share/ethercat_msgs/cmake/export_ethercat_msgs__rosidl_generator_pyExport.cmake
[1.206s] -- Up-to-date: /home/zewy/ros2_ws/install/ethercat_msgs/share/ethercat_msgs/cmake/export_ethercat_msgs__rosidl_generator_pyExport-noconfig.cmake
[1.206s] -- Up-to-date: /home/zewy/ros2_ws/install/ethercat_msgs/share/ethercat_msgs/cmake/rosidl_cmake-extras.cmake
[1.207s] -- Up-to-date: /home/zewy/ros2_ws/install/ethercat_msgs/share/ethercat_msgs/cmake/ament_cmake_export_dependencies-extras.cmake
[1.207s] -- Up-to-date: /home/zewy/ros2_ws/install/ethercat_msgs/share/ethercat_msgs/cmake/ament_cmake_export_include_directories-extras.cmake
[1.207s] -- Up-to-date: /home/zewy/ros2_ws/install/ethercat_msgs/share/ethercat_msgs/cmake/ament_cmake_export_libraries-extras.cmake
[1.207s] -- Up-to-date: /home/zewy/ros2_ws/install/ethercat_msgs/share/ethercat_msgs/cmake/ament_cmake_export_targets-extras.cmake
[1.207s] -- Up-to-date: /home/zewy/ros2_ws/install/ethercat_msgs/share/ethercat_msgs/cmake/rosidl_cmake_export_typesupport_targets-extras.cmake
[1.207s] -- Up-to-date: /home/zewy/ros2_ws/install/ethercat_msgs/share/ethercat_msgs/cmake/rosidl_cmake_export_typesupport_libraries-extras.cmake
[1.208s] -- Up-to-date: /home/zewy/ros2_ws/install/ethercat_msgs/share/ethercat_msgs/cmake/ethercat_msgsConfig.cmake
[1.209s] -- Up-to-date: /home/zewy/ros2_ws/install/ethercat_msgs/share/ethercat_msgs/cmake/ethercat_msgsConfig-version.cmake
[1.209s] -- Up-to-date: /home/zewy/ros2_ws/install/ethercat_msgs/share/ethercat_msgs/package.xml
[1.209s] Invoked command in '/home/zewy/ros2_ws/build/ethercat_msgs' returned '0': CMAKE_PREFIX_PATH=${CMAKE_PREFIX_PATH}:/home/zewy/ws_moveit2/install/moveit_configs_utils:/opt/ros/rolling DEBUGINFOD_URLS=https://debuginfod.ubuntu.com /usr/bin/cmake --install /home/zewy/ros2_ws/build/ethercat_msgs
